{"/Users/joethompson/Documents/FinalProject.nosync/datachain/DataChainNodeJS/dataChain/application-datachain/server.js":{"path":"/Users/joethompson/Documents/FinalProject.nosync/datachain/DataChainNodeJS/dataChain/application-datachain/server.js","statementMap":{"0":{"start":{"line":1,"column":0},"end":{"line":3,"column":1}},"1":{"start":{"line":2,"column":1},"end":{"line":2,"column":28}},"2":{"start":{"line":5,"column":16},"end":{"line":5,"column":34}},"3":{"start":{"line":6,"column":12},"end":{"line":6,"column":21}},"4":{"start":{"line":7,"column":23},"end":{"line":7,"column":53}},"5":{"start":{"line":8,"column":19},"end":{"line":8,"column":41}},"6":{"start":{"line":9,"column":15},"end":{"line":9,"column":32}},"7":{"start":{"line":10,"column":21},"end":{"line":10,"column":45}},"8":{"start":{"line":11,"column":17},"end":{"line":11,"column":36}},"9":{"start":{"line":12,"column":82},"end":{"line":12,"column":120}},"10":{"start":{"line":13,"column":38},"end":{"line":13,"column":84}},"11":{"start":{"line":16,"column":14},"end":{"line":16,"column":87}},"12":{"start":{"line":17,"column":0},"end":{"line":19,"column":35}},"13":{"start":{"line":18,"column":19},"end":{"line":18,"column":55}},"14":{"start":{"line":19,"column":17},"end":{"line":19,"column":33}},"15":{"start":{"line":23,"column":0},"end":{"line":23,"column":28}},"16":{"start":{"line":26,"column":19},"end":{"line":26,"column":49}},"17":{"start":{"line":27,"column":20},"end":{"line":27,"column":45}},"18":{"start":{"line":28,"column":26},"end":{"line":28,"column":66}},"19":{"start":{"line":29,"column":19},"end":{"line":29,"column":49}},"20":{"start":{"line":30,"column":22},"end":{"line":30,"column":55}},"21":{"start":{"line":33,"column":0},"end":{"line":33,"column":30}},"22":{"start":{"line":34,"column":0},"end":{"line":34,"column":39}},"23":{"start":{"line":35,"column":0},"end":{"line":35,"column":36}},"24":{"start":{"line":36,"column":0},"end":{"line":36,"column":24}},"25":{"start":{"line":37,"column":0},"end":{"line":37,"column":35}},"26":{"start":{"line":38,"column":0},"end":{"line":38,"column":52}},"27":{"start":{"line":39,"column":0},"end":{"line":39,"column":24}},"28":{"start":{"line":40,"column":0},"end":{"line":40,"column":24}},"29":{"start":{"line":47,"column":0},"end":{"line":47,"column":25}},"30":{"start":{"line":48,"column":0},"end":{"line":48,"column":32}},"31":{"start":{"line":49,"column":0},"end":{"line":49,"column":31}},"32":{"start":{"line":50,"column":0},"end":{"line":50,"column":27}},"33":{"start":{"line":51,"column":0},"end":{"line":51,"column":31}},"34":{"start":{"line":54,"column":0},"end":{"line":54,"column":71}},"35":{"start":{"line":55,"column":0},"end":{"line":55,"column":25}},"36":{"start":{"line":56,"column":0},"end":{"line":56,"column":29}},"37":{"start":{"line":57,"column":0},"end":{"line":57,"column":31}},"38":{"start":{"line":58,"column":0},"end":{"line":58,"column":35}},"39":{"start":{"line":59,"column":0},"end":{"line":59,"column":41}},"40":{"start":{"line":60,"column":0},"end":{"line":60,"column":52}},"41":{"start":{"line":63,"column":0},"end":{"line":63,"column":21}}},"fnMap":{"0":{"name":"(anonymous_0)","decl":{"start":{"line":18,"column":7},"end":{"line":18,"column":8}},"loc":{"start":{"line":18,"column":19},"end":{"line":18,"column":55}},"line":18},"1":{"name":"(anonymous_1)","decl":{"start":{"line":19,"column":8},"end":{"line":19,"column":9}},"loc":{"start":{"line":19,"column":17},"end":{"line":19,"column":33}},"line":19}},"branchMap":{"0":{"loc":{"start":{"line":1,"column":0},"end":{"line":3,"column":1}},"type":"if","locations":[{"start":{"line":1,"column":0},"end":{"line":3,"column":1}},{"start":{"line":1,"column":0},"end":{"line":3,"column":1}}],"line":1},"1":{"loc":{"start":{"line":18,"column":30},"end":{"line":18,"column":54}},"type":"binary-expr","locations":[{"start":{"line":18,"column":30},"end":{"line":18,"column":46}},{"start":{"line":18,"column":50},"end":{"line":18,"column":54}}],"line":18}},"s":{"0":1,"1":1,"2":1,"3":1,"4":1,"5":1,"6":1,"7":1,"8":1,"9":1,"10":1,"11":1,"12":1,"13":1,"14":0,"15":1,"16":1,"17":1,"18":1,"19":1,"20":1,"21":1,"22":1,"23":1,"24":1,"25":1,"26":1,"27":1,"28":1,"29":1,"30":1,"31":1,"32":1,"33":1,"34":1,"35":1,"36":1,"37":1,"38":1,"39":1,"40":1,"41":1},"f":{"0":1,"1":0},"b":{"0":[1,0],"1":[1,1]},"_coverageSchema":"1a1c01bbd47fc00a2c39e90264f33305004495a9","hash":"fa38921bc83f952c4843663805bb16e22940fecf","contentHash":"c0c7fdd41c813e7700d37ddf1189b106bfb5ed91c87b6b9a1bfe32648daa9170"},"/Users/joethompson/Documents/FinalProject.nosync/datachain/DataChainNodeJS/dataChain/application-datachain/middleware/authMiddleware.js":{"path":"/Users/joethompson/Documents/FinalProject.nosync/datachain/DataChainNodeJS/dataChain/application-datachain/middleware/authMiddleware.js","statementMap":{"0":{"start":{"line":1,"column":12},"end":{"line":1,"column":35}},"1":{"start":{"line":2,"column":13},"end":{"line":2,"column":38}},"2":{"start":{"line":3,"column":19},"end":{"line":3,"column":50}},"3":{"start":{"line":4,"column":19},"end":{"line":4,"column":50}},"4":{"start":{"line":5,"column":15},"end":{"line":5,"column":42}},"5":{"start":{"line":13,"column":20},"end":{"line":73,"column":1}},"6":{"start":{"line":15,"column":15},"end":{"line":15,"column":30}},"7":{"start":{"line":18,"column":1},"end":{"line":72,"column":2}},"8":{"start":{"line":19,"column":2},"end":{"line":29,"column":5}},"9":{"start":{"line":21,"column":3},"end":{"line":28,"column":4}},"10":{"start":{"line":22,"column":4},"end":{"line":22,"column":29}},"11":{"start":{"line":23,"column":4},"end":{"line":23,"column":38}},"12":{"start":{"line":26,"column":4},"end":{"line":26,"column":30}},"13":{"start":{"line":27,"column":4},"end":{"line":27,"column":11}},"14":{"start":{"line":31,"column":8},"end":{"line":72,"column":2}},"15":{"start":{"line":32,"column":2},"end":{"line":42,"column":5}},"16":{"start":{"line":34,"column":3},"end":{"line":41,"column":4}},"17":{"start":{"line":35,"column":4},"end":{"line":35,"column":29}},"18":{"start":{"line":36,"column":4},"end":{"line":36,"column":38}},"19":{"start":{"line":39,"column":4},"end":{"line":39,"column":33}},"20":{"start":{"line":40,"column":4},"end":{"line":40,"column":11}},"21":{"start":{"line":44,"column":8},"end":{"line":72,"column":2}},"22":{"start":{"line":45,"column":2},"end":{"line":55,"column":5}},"23":{"start":{"line":47,"column":3},"end":{"line":54,"column":4}},"24":{"start":{"line":48,"column":4},"end":{"line":48,"column":29}},"25":{"start":{"line":49,"column":4},"end":{"line":49,"column":38}},"26":{"start":{"line":52,"column":4},"end":{"line":52,"column":33}},"27":{"start":{"line":53,"column":4},"end":{"line":53,"column":11}},"28":{"start":{"line":57,"column":8},"end":{"line":72,"column":2}},"29":{"start":{"line":58,"column":2},"end":{"line":68,"column":5}},"30":{"start":{"line":60,"column":3},"end":{"line":67,"column":4}},"31":{"start":{"line":61,"column":4},"end":{"line":61,"column":29}},"32":{"start":{"line":62,"column":4},"end":{"line":62,"column":38}},"33":{"start":{"line":65,"column":4},"end":{"line":65,"column":33}},"34":{"start":{"line":66,"column":4},"end":{"line":66,"column":11}},"35":{"start":{"line":71,"column":2},"end":{"line":71,"column":36}},"36":{"start":{"line":82,"column":18},"end":{"line":104,"column":1}},"37":{"start":{"line":83,"column":15},"end":{"line":83,"column":30}},"38":{"start":{"line":85,"column":1},"end":{"line":103,"column":2}},"39":{"start":{"line":86,"column":2},"end":{"line":98,"column":5}},"40":{"start":{"line":87,"column":3},"end":{"line":97,"column":4}},"41":{"start":{"line":88,"column":4},"end":{"line":88,"column":57}},"42":{"start":{"line":89,"column":4},"end":{"line":89,"column":29}},"43":{"start":{"line":90,"column":4},"end":{"line":90,"column":27}},"44":{"start":{"line":91,"column":4},"end":{"line":91,"column":11}},"45":{"start":{"line":94,"column":15},"end":{"line":94,"column":51}},"46":{"start":{"line":95,"column":4},"end":{"line":95,"column":27}},"47":{"start":{"line":96,"column":4},"end":{"line":96,"column":11}},"48":{"start":{"line":100,"column":2},"end":{"line":100,"column":35}},"49":{"start":{"line":101,"column":2},"end":{"line":101,"column":25}},"50":{"start":{"line":102,"column":2},"end":{"line":102,"column":9}},"51":{"start":{"line":113,"column":24},"end":{"line":136,"column":1}},"52":{"start":{"line":114,"column":15},"end":{"line":114,"column":30}},"53":{"start":{"line":116,"column":1},"end":{"line":135,"column":2}},"54":{"start":{"line":117,"column":2},"end":{"line":129,"column":5}},"55":{"start":{"line":118,"column":3},"end":{"line":128,"column":4}},"56":{"start":{"line":119,"column":4},"end":{"line":119,"column":63}},"57":{"start":{"line":120,"column":4},"end":{"line":120,"column":29}},"58":{"start":{"line":121,"column":4},"end":{"line":121,"column":33}},"59":{"start":{"line":122,"column":4},"end":{"line":122,"column":11}},"60":{"start":{"line":125,"column":21},"end":{"line":125,"column":63}},"61":{"start":{"line":126,"column":4},"end":{"line":126,"column":39}},"62":{"start":{"line":127,"column":4},"end":{"line":127,"column":11}},"63":{"start":{"line":132,"column":2},"end":{"line":132,"column":41}},"64":{"start":{"line":133,"column":2},"end":{"line":133,"column":31}},"65":{"start":{"line":134,"column":2},"end":{"line":134,"column":9}},"66":{"start":{"line":145,"column":24},"end":{"line":168,"column":1}},"67":{"start":{"line":146,"column":15},"end":{"line":146,"column":30}},"68":{"start":{"line":148,"column":1},"end":{"line":167,"column":2}},"69":{"start":{"line":149,"column":2},"end":{"line":161,"column":5}},"70":{"start":{"line":150,"column":3},"end":{"line":160,"column":4}},"71":{"start":{"line":151,"column":4},"end":{"line":151,"column":63}},"72":{"start":{"line":152,"column":4},"end":{"line":152,"column":29}},"73":{"start":{"line":153,"column":4},"end":{"line":153,"column":33}},"74":{"start":{"line":154,"column":4},"end":{"line":154,"column":11}},"75":{"start":{"line":157,"column":21},"end":{"line":157,"column":63}},"76":{"start":{"line":158,"column":4},"end":{"line":158,"column":39}},"77":{"start":{"line":159,"column":4},"end":{"line":159,"column":11}},"78":{"start":{"line":164,"column":2},"end":{"line":164,"column":41}},"79":{"start":{"line":165,"column":2},"end":{"line":165,"column":31}},"80":{"start":{"line":166,"column":2},"end":{"line":166,"column":9}},"81":{"start":{"line":177,"column":20},"end":{"line":200,"column":1}},"82":{"start":{"line":178,"column":15},"end":{"line":178,"column":30}},"83":{"start":{"line":180,"column":1},"end":{"line":199,"column":2}},"84":{"start":{"line":181,"column":2},"end":{"line":193,"column":5}},"85":{"start":{"line":182,"column":3},"end":{"line":192,"column":4}},"86":{"start":{"line":183,"column":4},"end":{"line":183,"column":59}},"87":{"start":{"line":184,"column":4},"end":{"line":184,"column":29}},"88":{"start":{"line":185,"column":4},"end":{"line":185,"column":29}},"89":{"start":{"line":186,"column":4},"end":{"line":186,"column":11}},"90":{"start":{"line":189,"column":17},"end":{"line":189,"column":55}},"91":{"start":{"line":190,"column":4},"end":{"line":190,"column":31}},"92":{"start":{"line":191,"column":4},"end":{"line":191,"column":11}},"93":{"start":{"line":196,"column":2},"end":{"line":196,"column":37}},"94":{"start":{"line":197,"column":2},"end":{"line":197,"column":27}},"95":{"start":{"line":198,"column":2},"end":{"line":198,"column":9}},"96":{"start":{"line":205,"column":0},"end":{"line":205,"column":91}}},"fnMap":{"0":{"name":"(anonymous_0)","decl":{"start":{"line":13,"column":20},"end":{"line":13,"column":21}},"loc":{"start":{"line":13,"column":40},"end":{"line":73,"column":1}},"line":13},"1":{"name":"(anonymous_1)","decl":{"start":{"line":19,"column":69},"end":{"line":19,"column":70}},"loc":{"start":{"line":19,"column":92},"end":{"line":29,"column":3}},"line":19},"2":{"name":"(anonymous_2)","decl":{"start":{"line":32,"column":75},"end":{"line":32,"column":76}},"loc":{"start":{"line":32,"column":98},"end":{"line":42,"column":3}},"line":32},"3":{"name":"(anonymous_3)","decl":{"start":{"line":45,"column":75},"end":{"line":45,"column":76}},"loc":{"start":{"line":45,"column":98},"end":{"line":55,"column":3}},"line":45},"4":{"name":"(anonymous_4)","decl":{"start":{"line":58,"column":71},"end":{"line":58,"column":72}},"loc":{"start":{"line":58,"column":94},"end":{"line":68,"column":3}},"line":58},"5":{"name":"(anonymous_5)","decl":{"start":{"line":82,"column":18},"end":{"line":82,"column":19}},"loc":{"start":{"line":82,"column":38},"end":{"line":104,"column":1}},"line":82},"6":{"name":"(anonymous_6)","decl":{"start":{"line":86,"column":69},"end":{"line":86,"column":70}},"loc":{"start":{"line":86,"column":98},"end":{"line":98,"column":3}},"line":86},"7":{"name":"(anonymous_7)","decl":{"start":{"line":113,"column":24},"end":{"line":113,"column":25}},"loc":{"start":{"line":113,"column":44},"end":{"line":136,"column":1}},"line":113},"8":{"name":"(anonymous_8)","decl":{"start":{"line":117,"column":75},"end":{"line":117,"column":76}},"loc":{"start":{"line":117,"column":104},"end":{"line":129,"column":3}},"line":117},"9":{"name":"(anonymous_9)","decl":{"start":{"line":145,"column":24},"end":{"line":145,"column":25}},"loc":{"start":{"line":145,"column":44},"end":{"line":168,"column":1}},"line":145},"10":{"name":"(anonymous_10)","decl":{"start":{"line":149,"column":75},"end":{"line":149,"column":76}},"loc":{"start":{"line":149,"column":104},"end":{"line":161,"column":3}},"line":149},"11":{"name":"(anonymous_11)","decl":{"start":{"line":177,"column":20},"end":{"line":177,"column":21}},"loc":{"start":{"line":177,"column":40},"end":{"line":200,"column":1}},"line":177},"12":{"name":"(anonymous_12)","decl":{"start":{"line":181,"column":71},"end":{"line":181,"column":72}},"loc":{"start":{"line":181,"column":100},"end":{"line":193,"column":3}},"line":181}},"branchMap":{"0":{"loc":{"start":{"line":18,"column":1},"end":{"line":72,"column":2}},"type":"if","locations":[{"start":{"line":18,"column":1},"end":{"line":72,"column":2}},{"start":{"line":18,"column":1},"end":{"line":72,"column":2}}],"line":18},"1":{"loc":{"start":{"line":18,"column":5},"end":{"line":18,"column":29}},"type":"binary-expr","locations":[{"start":{"line":18,"column":5},"end":{"line":18,"column":10}},{"start":{"line":18,"column":14},"end":{"line":18,"column":29}}],"line":18},"2":{"loc":{"start":{"line":21,"column":3},"end":{"line":28,"column":4}},"type":"if","locations":[{"start":{"line":21,"column":3},"end":{"line":28,"column":4}},{"start":{"line":21,"column":3},"end":{"line":28,"column":4}}],"line":21},"3":{"loc":{"start":{"line":31,"column":8},"end":{"line":72,"column":2}},"type":"if","locations":[{"start":{"line":31,"column":8},"end":{"line":72,"column":2}},{"start":{"line":31,"column":8},"end":{"line":72,"column":2}}],"line":31},"4":{"loc":{"start":{"line":31,"column":12},"end":{"line":31,"column":42}},"type":"binary-expr","locations":[{"start":{"line":31,"column":12},"end":{"line":31,"column":17}},{"start":{"line":31,"column":21},"end":{"line":31,"column":42}}],"line":31},"5":{"loc":{"start":{"line":34,"column":3},"end":{"line":41,"column":4}},"type":"if","locations":[{"start":{"line":34,"column":3},"end":{"line":41,"column":4}},{"start":{"line":34,"column":3},"end":{"line":41,"column":4}}],"line":34},"6":{"loc":{"start":{"line":44,"column":8},"end":{"line":72,"column":2}},"type":"if","locations":[{"start":{"line":44,"column":8},"end":{"line":72,"column":2}},{"start":{"line":44,"column":8},"end":{"line":72,"column":2}}],"line":44},"7":{"loc":{"start":{"line":44,"column":12},"end":{"line":44,"column":42}},"type":"binary-expr","locations":[{"start":{"line":44,"column":12},"end":{"line":44,"column":17}},{"start":{"line":44,"column":21},"end":{"line":44,"column":42}}],"line":44},"8":{"loc":{"start":{"line":47,"column":3},"end":{"line":54,"column":4}},"type":"if","locations":[{"start":{"line":47,"column":3},"end":{"line":54,"column":4}},{"start":{"line":47,"column":3},"end":{"line":54,"column":4}}],"line":47},"9":{"loc":{"start":{"line":57,"column":8},"end":{"line":72,"column":2}},"type":"if","locations":[{"start":{"line":57,"column":8},"end":{"line":72,"column":2}},{"start":{"line":57,"column":8},"end":{"line":72,"column":2}}],"line":57},"10":{"loc":{"start":{"line":57,"column":12},"end":{"line":57,"column":38}},"type":"binary-expr","locations":[{"start":{"line":57,"column":12},"end":{"line":57,"column":17}},{"start":{"line":57,"column":21},"end":{"line":57,"column":38}}],"line":57},"11":{"loc":{"start":{"line":60,"column":3},"end":{"line":67,"column":4}},"type":"if","locations":[{"start":{"line":60,"column":3},"end":{"line":67,"column":4}},{"start":{"line":60,"column":3},"end":{"line":67,"column":4}}],"line":60},"12":{"loc":{"start":{"line":85,"column":1},"end":{"line":103,"column":2}},"type":"if","locations":[{"start":{"line":85,"column":1},"end":{"line":103,"column":2}},{"start":{"line":85,"column":1},"end":{"line":103,"column":2}}],"line":85},"13":{"loc":{"start":{"line":87,"column":3},"end":{"line":97,"column":4}},"type":"if","locations":[{"start":{"line":87,"column":3},"end":{"line":97,"column":4}},{"start":{"line":87,"column":3},"end":{"line":97,"column":4}}],"line":87},"14":{"loc":{"start":{"line":116,"column":1},"end":{"line":135,"column":2}},"type":"if","locations":[{"start":{"line":116,"column":1},"end":{"line":135,"column":2}},{"start":{"line":116,"column":1},"end":{"line":135,"column":2}}],"line":116},"15":{"loc":{"start":{"line":118,"column":3},"end":{"line":128,"column":4}},"type":"if","locations":[{"start":{"line":118,"column":3},"end":{"line":128,"column":4}},{"start":{"line":118,"column":3},"end":{"line":128,"column":4}}],"line":118},"16":{"loc":{"start":{"line":148,"column":1},"end":{"line":167,"column":2}},"type":"if","locations":[{"start":{"line":148,"column":1},"end":{"line":167,"column":2}},{"start":{"line":148,"column":1},"end":{"line":167,"column":2}}],"line":148},"17":{"loc":{"start":{"line":150,"column":3},"end":{"line":160,"column":4}},"type":"if","locations":[{"start":{"line":150,"column":3},"end":{"line":160,"column":4}},{"start":{"line":150,"column":3},"end":{"line":160,"column":4}}],"line":150},"18":{"loc":{"start":{"line":180,"column":1},"end":{"line":199,"column":2}},"type":"if","locations":[{"start":{"line":180,"column":1},"end":{"line":199,"column":2}},{"start":{"line":180,"column":1},"end":{"line":199,"column":2}}],"line":180},"19":{"loc":{"start":{"line":182,"column":3},"end":{"line":192,"column":4}},"type":"if","locations":[{"start":{"line":182,"column":3},"end":{"line":192,"column":4}},{"start":{"line":182,"column":3},"end":{"line":192,"column":4}}],"line":182}},"s":{"0":1,"1":1,"2":1,"3":1,"4":1,"5":1,"6":8,"7":8,"8":2,"9":2,"10":2,"11":2,"12":0,"13":0,"14":6,"15":2,"16":2,"17":2,"18":2,"19":0,"20":0,"21":4,"22":2,"23":2,"24":2,"25":2,"26":0,"27":0,"28":2,"29":2,"30":2,"31":2,"32":2,"33":0,"34":0,"35":0,"36":1,"37":13,"38":13,"39":2,"40":2,"41":2,"42":2,"43":2,"44":0,"45":0,"46":0,"47":0,"48":11,"49":11,"50":11,"51":1,"52":13,"53":13,"54":2,"55":2,"56":2,"57":2,"58":2,"59":0,"60":0,"61":0,"62":0,"63":11,"64":11,"65":11,"66":1,"67":13,"68":13,"69":2,"70":2,"71":2,"72":2,"73":2,"74":0,"75":0,"76":0,"77":0,"78":11,"79":11,"80":11,"81":1,"82":13,"83":13,"84":2,"85":2,"86":2,"87":2,"88":2,"89":0,"90":0,"91":0,"92":0,"93":11,"94":11,"95":11,"96":1},"f":{"0":8,"1":2,"2":2,"3":2,"4":2,"5":13,"6":2,"7":13,"8":2,"9":13,"10":2,"11":13,"12":2},"b":{"0":[2,6],"1":[8,8],"2":[2,0],"3":[2,4],"4":[6,6],"5":[2,0],"6":[2,2],"7":[4,4],"8":[2,0],"9":[2,0],"10":[2,2],"11":[2,0],"12":[2,11],"13":[2,0],"14":[2,11],"15":[2,0],"16":[2,11],"17":[2,0],"18":[2,11],"19":[2,0]},"_coverageSchema":"1a1c01bbd47fc00a2c39e90264f33305004495a9","hash":"bad8ae2d5879121824659778761272b2a8ec3436","contentHash":"7cd258cf58974e01cc57fce14f711e904fc70f72ddd87dbf61162475cfc02b1a"},"/Users/joethompson/Documents/FinalProject.nosync/datachain/DataChainNodeJS/dataChain/application-datachain/models/user.js":{"path":"/Users/joethompson/Documents/FinalProject.nosync/datachain/DataChainNodeJS/dataChain/application-datachain/models/user.js","statementMap":{"0":{"start":{"line":1,"column":17},"end":{"line":1,"column":36}},"1":{"start":{"line":2,"column":0},"end":{"line":2,"column":25}},"2":{"start":{"line":3,"column":20},"end":{"line":3,"column":40}},"3":{"start":{"line":4,"column":15},"end":{"line":4,"column":32}},"4":{"start":{"line":9,"column":19},"end":{"line":54,"column":2}},"5":{"start":{"line":58,"column":0},"end":{"line":64,"column":3}},"6":{"start":{"line":59,"column":1},"end":{"line":63,"column":2}},"7":{"start":{"line":60,"column":15},"end":{"line":60,"column":37}},"8":{"start":{"line":61,"column":2},"end":{"line":61,"column":57}},"9":{"start":{"line":62,"column":2},"end":{"line":62,"column":9}},"10":{"start":{"line":68,"column":0},"end":{"line":80,"column":1}},"11":{"start":{"line":69,"column":14},"end":{"line":69,"column":43}},"12":{"start":{"line":71,"column":1},"end":{"line":78,"column":2}},"13":{"start":{"line":72,"column":15},"end":{"line":72,"column":60}},"14":{"start":{"line":74,"column":2},"end":{"line":76,"column":3}},"15":{"start":{"line":75,"column":3},"end":{"line":75,"column":15}},"16":{"start":{"line":77,"column":2},"end":{"line":77,"column":35}},"17":{"start":{"line":79,"column":1},"end":{"line":79,"column":32}},"18":{"start":{"line":84,"column":18},"end":{"line":84,"column":52}},"19":{"start":{"line":87,"column":0},"end":{"line":87,"column":27}}},"fnMap":{"0":{"name":"(anonymous_0)","decl":{"start":{"line":58,"column":23},"end":{"line":58,"column":24}},"loc":{"start":{"line":58,"column":44},"end":{"line":64,"column":1}},"line":58},"1":{"name":"(anonymous_1)","decl":{"start":{"line":68,"column":27},"end":{"line":68,"column":28}},"loc":{"start":{"line":68,"column":59},"end":{"line":80,"column":1}},"line":68}},"branchMap":{"0":{"loc":{"start":{"line":59,"column":1},"end":{"line":63,"column":2}},"type":"if","locations":[{"start":{"line":59,"column":1},"end":{"line":63,"column":2}},{"start":{"line":59,"column":1},"end":{"line":63,"column":2}}],"line":59},"1":{"loc":{"start":{"line":71,"column":1},"end":{"line":78,"column":2}},"type":"if","locations":[{"start":{"line":71,"column":1},"end":{"line":78,"column":2}},{"start":{"line":71,"column":1},"end":{"line":78,"column":2}}],"line":71},"2":{"loc":{"start":{"line":74,"column":2},"end":{"line":76,"column":3}},"type":"if","locations":[{"start":{"line":74,"column":2},"end":{"line":76,"column":3}},{"start":{"line":74,"column":2},"end":{"line":76,"column":3}}],"line":74}},"s":{"0":1,"1":1,"2":1,"3":1,"4":1,"5":1,"6":16,"7":16,"8":16,"9":16,"10":1,"11":5,"12":5,"13":4,"14":4,"15":2,"16":2,"17":1,"18":1,"19":1},"f":{"0":16,"1":5},"b":{"0":[16,0],"1":[4,1],"2":[2,2]},"_coverageSchema":"1a1c01bbd47fc00a2c39e90264f33305004495a9","hash":"17167888ef35aa758218d4e3488e6640e1cc9e42","contentHash":"7cef56d2e8003229be6ed2b43650be423de5b245764a2ef945f07288007d2744"},"/Users/joethompson/Documents/FinalProject.nosync/datachain/DataChainNodeJS/dataChain/application-datachain/models/accreditor.js":{"path":"/Users/joethompson/Documents/FinalProject.nosync/datachain/DataChainNodeJS/dataChain/application-datachain/models/accreditor.js","statementMap":{"0":{"start":{"line":1,"column":17},"end":{"line":1,"column":36}},"1":{"start":{"line":2,"column":0},"end":{"line":2,"column":25}},"2":{"start":{"line":3,"column":20},"end":{"line":3,"column":40}},"3":{"start":{"line":4,"column":15},"end":{"line":4,"column":32}},"4":{"start":{"line":8,"column":25},"end":{"line":46,"column":2}},"5":{"start":{"line":50,"column":0},"end":{"line":54,"column":3}},"6":{"start":{"line":51,"column":14},"end":{"line":51,"column":36}},"7":{"start":{"line":52,"column":1},"end":{"line":52,"column":56}},"8":{"start":{"line":53,"column":1},"end":{"line":53,"column":8}},"9":{"start":{"line":58,"column":0},"end":{"line":72,"column":1}},"10":{"start":{"line":59,"column":20},"end":{"line":59,"column":49}},"11":{"start":{"line":61,"column":1},"end":{"line":70,"column":2}},"12":{"start":{"line":62,"column":15},"end":{"line":62,"column":66}},"13":{"start":{"line":64,"column":15},"end":{"line":64,"column":37}},"14":{"start":{"line":66,"column":2},"end":{"line":68,"column":3}},"15":{"start":{"line":67,"column":3},"end":{"line":67,"column":21}},"16":{"start":{"line":69,"column":2},"end":{"line":69,"column":35}},"17":{"start":{"line":71,"column":1},"end":{"line":71,"column":32}},"18":{"start":{"line":77,"column":24},"end":{"line":77,"column":70}},"19":{"start":{"line":80,"column":0},"end":{"line":80,"column":33}}},"fnMap":{"0":{"name":"(anonymous_0)","decl":{"start":{"line":50,"column":29},"end":{"line":50,"column":30}},"loc":{"start":{"line":50,"column":50},"end":{"line":54,"column":1}},"line":50},"1":{"name":"(anonymous_1)","decl":{"start":{"line":58,"column":33},"end":{"line":58,"column":34}},"loc":{"start":{"line":58,"column":65},"end":{"line":72,"column":1}},"line":58}},"branchMap":{"0":{"loc":{"start":{"line":61,"column":1},"end":{"line":70,"column":2}},"type":"if","locations":[{"start":{"line":61,"column":1},"end":{"line":70,"column":2}},{"start":{"line":61,"column":1},"end":{"line":70,"column":2}}],"line":61},"1":{"loc":{"start":{"line":66,"column":2},"end":{"line":68,"column":3}},"type":"if","locations":[{"start":{"line":66,"column":2},"end":{"line":68,"column":3}},{"start":{"line":66,"column":2},"end":{"line":68,"column":3}}],"line":66}},"s":{"0":1,"1":1,"2":1,"3":1,"4":1,"5":1,"6":14,"7":14,"8":14,"9":1,"10":6,"11":6,"12":3,"13":3,"14":3,"15":2,"16":1,"17":3,"18":1,"19":1},"f":{"0":14,"1":6},"b":{"0":[3,3],"1":[2,1]},"_coverageSchema":"1a1c01bbd47fc00a2c39e90264f33305004495a9","hash":"f8b4f27ffd09723f716b68699edff0db21f0147f","contentHash":"a2f9e94f8cf7f6be644116d1f58e6030b7df1902a6dbb736aee99a8221bc7e95"},"/Users/joethompson/Documents/FinalProject.nosync/datachain/DataChainNodeJS/dataChain/application-datachain/models/department.js":{"path":"/Users/joethompson/Documents/FinalProject.nosync/datachain/DataChainNodeJS/dataChain/application-datachain/models/department.js","statementMap":{"0":{"start":{"line":1,"column":17},"end":{"line":1,"column":36}},"1":{"start":{"line":2,"column":0},"end":{"line":2,"column":25}},"2":{"start":{"line":3,"column":20},"end":{"line":3,"column":40}},"3":{"start":{"line":4,"column":15},"end":{"line":4,"column":32}},"4":{"start":{"line":8,"column":25},"end":{"line":38,"column":2}},"5":{"start":{"line":42,"column":0},"end":{"line":46,"column":3}},"6":{"start":{"line":43,"column":14},"end":{"line":43,"column":36}},"7":{"start":{"line":44,"column":1},"end":{"line":44,"column":56}},"8":{"start":{"line":45,"column":1},"end":{"line":45,"column":8}},"9":{"start":{"line":50,"column":0},"end":{"line":62,"column":1}},"10":{"start":{"line":51,"column":20},"end":{"line":51,"column":49}},"11":{"start":{"line":53,"column":1},"end":{"line":60,"column":2}},"12":{"start":{"line":54,"column":15},"end":{"line":54,"column":66}},"13":{"start":{"line":56,"column":2},"end":{"line":58,"column":3}},"14":{"start":{"line":57,"column":3},"end":{"line":57,"column":21}},"15":{"start":{"line":59,"column":2},"end":{"line":59,"column":35}},"16":{"start":{"line":61,"column":1},"end":{"line":61,"column":32}},"17":{"start":{"line":67,"column":24},"end":{"line":67,"column":70}},"18":{"start":{"line":70,"column":0},"end":{"line":70,"column":33}}},"fnMap":{"0":{"name":"(anonymous_0)","decl":{"start":{"line":42,"column":29},"end":{"line":42,"column":30}},"loc":{"start":{"line":42,"column":50},"end":{"line":46,"column":1}},"line":42},"1":{"name":"(anonymous_1)","decl":{"start":{"line":50,"column":33},"end":{"line":50,"column":34}},"loc":{"start":{"line":50,"column":65},"end":{"line":62,"column":1}},"line":50}},"branchMap":{"0":{"loc":{"start":{"line":53,"column":1},"end":{"line":60,"column":2}},"type":"if","locations":[{"start":{"line":53,"column":1},"end":{"line":60,"column":2}},{"start":{"line":53,"column":1},"end":{"line":60,"column":2}}],"line":53},"1":{"loc":{"start":{"line":56,"column":2},"end":{"line":58,"column":3}},"type":"if","locations":[{"start":{"line":56,"column":2},"end":{"line":58,"column":3}},{"start":{"line":56,"column":2},"end":{"line":58,"column":3}}],"line":56}},"s":{"0":1,"1":1,"2":1,"3":1,"4":1,"5":1,"6":13,"7":13,"8":13,"9":1,"10":7,"11":7,"12":4,"13":4,"14":3,"15":1,"16":3,"17":1,"18":1},"f":{"0":13,"1":7},"b":{"0":[4,3],"1":[3,1]},"_coverageSchema":"1a1c01bbd47fc00a2c39e90264f33305004495a9","hash":"83d477db4e30edc7cd1553d7a2fcc125452bda4d","contentHash":"aad6ae6cd7f4eb771414f336eb285be3ed2dd6c0ce2d5abd0c9d132d400f5979"},"/Users/joethompson/Documents/FinalProject.nosync/datachain/DataChainNodeJS/dataChain/application-datachain/models/viewer.js":{"path":"/Users/joethompson/Documents/FinalProject.nosync/datachain/DataChainNodeJS/dataChain/application-datachain/models/viewer.js","statementMap":{"0":{"start":{"line":1,"column":17},"end":{"line":1,"column":36}},"1":{"start":{"line":2,"column":20},"end":{"line":2,"column":40}},"2":{"start":{"line":3,"column":15},"end":{"line":3,"column":32}},"3":{"start":{"line":4,"column":0},"end":{"line":4,"column":25}},"4":{"start":{"line":8,"column":21},"end":{"line":41,"column":2}},"5":{"start":{"line":45,"column":0},"end":{"line":51,"column":3}},"6":{"start":{"line":46,"column":1},"end":{"line":50,"column":2}},"7":{"start":{"line":47,"column":15},"end":{"line":47,"column":37}},"8":{"start":{"line":48,"column":2},"end":{"line":48,"column":57}},"9":{"start":{"line":49,"column":2},"end":{"line":49,"column":9}},"10":{"start":{"line":55,"column":0},"end":{"line":67,"column":1}},"11":{"start":{"line":56,"column":16},"end":{"line":56,"column":45}},"12":{"start":{"line":58,"column":1},"end":{"line":65,"column":2}},"13":{"start":{"line":59,"column":15},"end":{"line":59,"column":62}},"14":{"start":{"line":61,"column":2},"end":{"line":63,"column":3}},"15":{"start":{"line":62,"column":3},"end":{"line":62,"column":17}},"16":{"start":{"line":64,"column":2},"end":{"line":64,"column":35}},"17":{"start":{"line":66,"column":1},"end":{"line":66,"column":32}},"18":{"start":{"line":71,"column":20},"end":{"line":71,"column":58}},"19":{"start":{"line":74,"column":0},"end":{"line":74,"column":29}}},"fnMap":{"0":{"name":"(anonymous_0)","decl":{"start":{"line":45,"column":25},"end":{"line":45,"column":26}},"loc":{"start":{"line":45,"column":46},"end":{"line":51,"column":1}},"line":45},"1":{"name":"(anonymous_1)","decl":{"start":{"line":55,"column":29},"end":{"line":55,"column":30}},"loc":{"start":{"line":55,"column":61},"end":{"line":67,"column":1}},"line":55}},"branchMap":{"0":{"loc":{"start":{"line":46,"column":1},"end":{"line":50,"column":2}},"type":"if","locations":[{"start":{"line":46,"column":1},"end":{"line":50,"column":2}},{"start":{"line":46,"column":1},"end":{"line":50,"column":2}}],"line":46},"1":{"loc":{"start":{"line":58,"column":1},"end":{"line":65,"column":2}},"type":"if","locations":[{"start":{"line":58,"column":1},"end":{"line":65,"column":2}},{"start":{"line":58,"column":1},"end":{"line":65,"column":2}}],"line":58},"2":{"loc":{"start":{"line":61,"column":2},"end":{"line":63,"column":3}},"type":"if","locations":[{"start":{"line":61,"column":2},"end":{"line":63,"column":3}},{"start":{"line":61,"column":2},"end":{"line":63,"column":3}}],"line":61}},"s":{"0":1,"1":1,"2":1,"3":1,"4":1,"5":1,"6":13,"7":13,"8":13,"9":13,"10":1,"11":5,"12":5,"13":3,"14":3,"15":2,"16":1,"17":2,"18":1,"19":1},"f":{"0":13,"1":5},"b":{"0":[13,0],"1":[3,2],"2":[2,1]},"_coverageSchema":"1a1c01bbd47fc00a2c39e90264f33305004495a9","hash":"92d78dabc4bf81a9a05b20c55b3a1178657436b8","contentHash":"0e68a8586efb3ec4ef50fc2fd2d0e7a6c1dadd8c1fb1753dbd881fbb559d2996"},"/Users/joethompson/Documents/FinalProject.nosync/datachain/DataChainNodeJS/dataChain/application-datachain/controllers/hyperledgerController.js":{"path":"/Users/joethompson/Documents/FinalProject.nosync/datachain/DataChainNodeJS/dataChain/application-datachain/controllers/hyperledgerController.js","statementMap":{"0":{"start":{"line":2,"column":29},"end":{"line":2,"column":54}},"1":{"start":{"line":3,"column":25},"end":{"line":3,"column":52}},"2":{"start":{"line":4,"column":13},"end":{"line":4,"column":28}},"3":{"start":{"line":5,"column":62},"end":{"line":5,"column":119}},"4":{"start":{"line":6,"column":38},"end":{"line":6,"column":96}},"5":{"start":{"line":8,"column":20},"end":{"line":8,"column":31}},"6":{"start":{"line":9,"column":22},"end":{"line":9,"column":29}},"7":{"start":{"line":10,"column":16},"end":{"line":10,"column":25}},"8":{"start":{"line":11,"column":19},"end":{"line":11,"column":49}},"9":{"start":{"line":12,"column":19},"end":{"line":12,"column":28}},"10":{"start":{"line":15,"column":1},"end":{"line":15,"column":57}},"11":{"start":{"line":19,"column":34},"end":{"line":38,"column":1}},"12":{"start":{"line":20,"column":1},"end":{"line":37,"column":2}},"13":{"start":{"line":22,"column":14},"end":{"line":22,"column":28}},"14":{"start":{"line":26,"column":19},"end":{"line":26,"column":78}},"15":{"start":{"line":29,"column":17},"end":{"line":29,"column":55}},"16":{"start":{"line":32,"column":2},"end":{"line":32,"column":47}},"17":{"start":{"line":36,"column":2},"end":{"line":36,"column":68}},"18":{"start":{"line":41,"column":21},"end":{"line":61,"column":1}},"19":{"start":{"line":42,"column":1},"end":{"line":60,"column":2}},"20":{"start":{"line":44,"column":14},"end":{"line":44,"column":28}},"21":{"start":{"line":48,"column":19},"end":{"line":48,"column":78}},"22":{"start":{"line":51,"column":17},"end":{"line":51,"column":55}},"23":{"start":{"line":55,"column":2},"end":{"line":55,"column":85}},"24":{"start":{"line":59,"column":2},"end":{"line":59,"column":68}},"25":{"start":{"line":64,"column":27},"end":{"line":119,"column":1}},"26":{"start":{"line":65,"column":1},"end":{"line":118,"column":2}},"27":{"start":{"line":67,"column":14},"end":{"line":67,"column":28}},"28":{"start":{"line":71,"column":19},"end":{"line":71,"column":78}},"29":{"start":{"line":74,"column":17},"end":{"line":74,"column":55}},"30":{"start":{"line":79,"column":18},"end":{"line":79,"column":31}},"31":{"start":{"line":81,"column":2},"end":{"line":114,"column":3}},"32":{"start":{"line":86,"column":3},"end":{"line":90,"column":6}},"33":{"start":{"line":94,"column":19},"end":{"line":94,"column":56}},"34":{"start":{"line":97,"column":20},"end":{"line":97,"column":54}},"35":{"start":{"line":102,"column":3},"end":{"line":102,"column":150}},"36":{"start":{"line":103,"column":16},"end":{"line":103,"column":131}},"37":{"start":{"line":104,"column":3},"end":{"line":104,"column":40}},"38":{"start":{"line":105,"column":3},"end":{"line":107,"column":4}},"39":{"start":{"line":106,"column":4},"end":{"line":106,"column":70}},"40":{"start":{"line":113,"column":3},"end":{"line":113,"column":24}},"41":{"start":{"line":117,"column":2},"end":{"line":117,"column":68}},"42":{"start":{"line":124,"column":18},"end":{"line":173,"column":1}},"43":{"start":{"line":125,"column":1},"end":{"line":172,"column":2}},"44":{"start":{"line":127,"column":15},"end":{"line":127,"column":29}},"45":{"start":{"line":131,"column":20},"end":{"line":131,"column":79}},"46":{"start":{"line":134,"column":18},"end":{"line":134,"column":56}},"47":{"start":{"line":139,"column":19},"end":{"line":139,"column":32}},"48":{"start":{"line":141,"column":16},"end":{"line":141,"column":20}},"49":{"start":{"line":143,"column":3},"end":{"line":168,"column":4}},"50":{"start":{"line":144,"column":4},"end":{"line":148,"column":7}},"51":{"start":{"line":150,"column":20},"end":{"line":150,"column":57}},"52":{"start":{"line":151,"column":21},"end":{"line":151,"column":55}},"53":{"start":{"line":153,"column":4},"end":{"line":153,"column":105}},"54":{"start":{"line":154,"column":4},"end":{"line":154,"column":70}},"55":{"start":{"line":155,"column":4},"end":{"line":155,"column":70}},"56":{"start":{"line":160,"column":4},"end":{"line":160,"column":61}},"57":{"start":{"line":166,"column":4},"end":{"line":166,"column":25}},"58":{"start":{"line":167,"column":4},"end":{"line":167,"column":18}},"59":{"start":{"line":171,"column":2},"end":{"line":171,"column":68}},"60":{"start":{"line":177,"column":27},"end":{"line":250,"column":1}},"61":{"start":{"line":178,"column":1},"end":{"line":249,"column":2}},"62":{"start":{"line":180,"column":14},"end":{"line":180,"column":28}},"63":{"start":{"line":184,"column":19},"end":{"line":184,"column":78}},"64":{"start":{"line":187,"column":17},"end":{"line":187,"column":55}},"65":{"start":{"line":192,"column":18},"end":{"line":192,"column":31}},"66":{"start":{"line":194,"column":2},"end":{"line":245,"column":3}},"67":{"start":{"line":199,"column":3},"end":{"line":203,"column":6}},"68":{"start":{"line":207,"column":19},"end":{"line":207,"column":56}},"69":{"start":{"line":210,"column":20},"end":{"line":210,"column":54}},"70":{"start":{"line":212,"column":3},"end":{"line":221,"column":4}},"71":{"start":{"line":214,"column":4},"end":{"line":214,"column":105}},"72":{"start":{"line":215,"column":17},"end":{"line":215,"column":73}},"73":{"start":{"line":216,"column":22},"end":{"line":216,"column":40}},"74":{"start":{"line":217,"column":4},"end":{"line":217,"column":29}},"75":{"start":{"line":220,"column":4},"end":{"line":220,"column":61}},"76":{"start":{"line":223,"column":26},"end":{"line":223,"column":63}},"77":{"start":{"line":228,"column":3},"end":{"line":228,"column":134}},"78":{"start":{"line":229,"column":3},"end":{"line":229,"column":211}},"79":{"start":{"line":230,"column":3},"end":{"line":230,"column":40}},"80":{"start":{"line":232,"column":3},"end":{"line":234,"column":4}},"81":{"start":{"line":233,"column":4},"end":{"line":233,"column":70}},"82":{"start":{"line":238,"column":4},"end":{"line":238,"column":63}},"83":{"start":{"line":244,"column":3},"end":{"line":244,"column":24}},"84":{"start":{"line":248,"column":2},"end":{"line":248,"column":68}},"85":{"start":{"line":259,"column":0},"end":{"line":259,"column":112}}},"fnMap":{"0":{"name":"prettyJSONString","decl":{"start":{"line":14,"column":9},"end":{"line":14,"column":25}},"loc":{"start":{"line":14,"column":39},"end":{"line":16,"column":1}},"line":14},"1":{"name":"(anonymous_1)","decl":{"start":{"line":19,"column":34},"end":{"line":19,"column":35}},"loc":{"start":{"line":19,"column":60},"end":{"line":38,"column":1}},"line":19},"2":{"name":"(anonymous_2)","decl":{"start":{"line":41,"column":21},"end":{"line":41,"column":22}},"loc":{"start":{"line":41,"column":55},"end":{"line":61,"column":1}},"line":41},"3":{"name":"(anonymous_3)","decl":{"start":{"line":64,"column":27},"end":{"line":64,"column":28}},"loc":{"start":{"line":64,"column":117},"end":{"line":119,"column":1}},"line":64},"4":{"name":"(anonymous_4)","decl":{"start":{"line":124,"column":18},"end":{"line":124,"column":19}},"loc":{"start":{"line":124,"column":53},"end":{"line":173,"column":1}},"line":124},"5":{"name":"(anonymous_5)","decl":{"start":{"line":177,"column":27},"end":{"line":177,"column":28}},"loc":{"start":{"line":177,"column":72},"end":{"line":250,"column":1}},"line":177}},"branchMap":{"0":{"loc":{"start":{"line":105,"column":3},"end":{"line":107,"column":4}},"type":"if","locations":[{"start":{"line":105,"column":3},"end":{"line":107,"column":4}},{"start":{"line":105,"column":3},"end":{"line":107,"column":4}}],"line":105},"1":{"loc":{"start":{"line":232,"column":3},"end":{"line":234,"column":4}},"type":"if","locations":[{"start":{"line":232,"column":3},"end":{"line":234,"column":4}},{"start":{"line":232,"column":3},"end":{"line":234,"column":4}}],"line":232}},"s":{"0":1,"1":1,"2":1,"3":1,"4":1,"5":1,"6":1,"7":1,"8":1,"9":1,"10":0,"11":1,"12":1,"13":1,"14":1,"15":1,"16":1,"17":0,"18":1,"19":19,"20":19,"21":19,"22":19,"23":19,"24":0,"25":1,"26":0,"27":0,"28":0,"29":0,"30":0,"31":0,"32":0,"33":0,"34":0,"35":0,"36":0,"37":0,"38":0,"39":0,"40":0,"41":0,"42":1,"43":1,"44":1,"45":1,"46":1,"47":1,"48":1,"49":1,"50":1,"51":0,"52":0,"53":0,"54":0,"55":0,"56":1,"57":1,"58":1,"59":0,"60":1,"61":1,"62":1,"63":1,"64":1,"65":1,"66":1,"67":1,"68":0,"69":0,"70":0,"71":0,"72":0,"73":0,"74":0,"75":0,"76":0,"77":0,"78":0,"79":0,"80":0,"81":0,"82":1,"83":1,"84":0,"85":1},"f":{"0":0,"1":1,"2":19,"3":0,"4":1,"5":1},"b":{"0":[0,0],"1":[0,0]},"_coverageSchema":"1a1c01bbd47fc00a2c39e90264f33305004495a9","hash":"f4e38e9f8e099e4c2ea67bf272b8a553345a49a1","contentHash":"e6c77ea444100414d0874243c27583aa07b63cc7045832dbcac4c5dcbbc767e1"},"/Users/joethompson/Documents/FinalProject.nosync/datachain/DataChainNodeJS/dataChain/application-datachain/routes/homeRoutes.js":{"path":"/Users/joethompson/Documents/FinalProject.nosync/datachain/DataChainNodeJS/dataChain/application-datachain/routes/homeRoutes.js","statementMap":{"0":{"start":{"line":1,"column":19},"end":{"line":1,"column":37}},"1":{"start":{"line":2,"column":23},"end":{"line":2,"column":63}},"2":{"start":{"line":3,"column":24},"end":{"line":3,"column":63}},"3":{"start":{"line":5,"column":15},"end":{"line":5,"column":23}},"4":{"start":{"line":7,"column":0},"end":{"line":7,"column":45}},"5":{"start":{"line":8,"column":0},"end":{"line":8,"column":41}},"6":{"start":{"line":14,"column":0},"end":{"line":14,"column":24}}},"fnMap":{},"branchMap":{},"s":{"0":1,"1":1,"2":1,"3":1,"4":1,"5":1,"6":1},"f":{},"b":{},"_coverageSchema":"1a1c01bbd47fc00a2c39e90264f33305004495a9","hash":"6e3b9d3e40cac6615db3d4e7c1f16a42b7b2271d","contentHash":"c6037e2d465e36e02287bdc3aa58076e956aef71166738711de17ce7fb3dd0e9"},"/Users/joethompson/Documents/FinalProject.nosync/datachain/DataChainNodeJS/dataChain/application-datachain/controllers/homeController.js":{"path":"/Users/joethompson/Documents/FinalProject.nosync/datachain/DataChainNodeJS/dataChain/application-datachain/controllers/homeController.js","statementMap":{"0":{"start":{"line":1,"column":20},"end":{"line":1,"column":52}},"1":{"start":{"line":2,"column":13},"end":{"line":2,"column":38}},"2":{"start":{"line":3,"column":19},"end":{"line":3,"column":50}},"3":{"start":{"line":4,"column":15},"end":{"line":4,"column":42}},"4":{"start":{"line":5,"column":17},"end":{"line":5,"column":36}},"5":{"start":{"line":6,"column":15},"end":{"line":6,"column":49}},"6":{"start":{"line":7,"column":12},"end":{"line":7,"column":35}},"7":{"start":{"line":8,"column":42},"end":{"line":8,"column":89}},"8":{"start":{"line":16,"column":0},"end":{"line":23,"column":2}},"9":{"start":{"line":17,"column":1},"end":{"line":17,"column":26}},"10":{"start":{"line":18,"column":1},"end":{"line":18,"column":45}},"11":{"start":{"line":19,"column":1},"end":{"line":19,"column":49}},"12":{"start":{"line":20,"column":1},"end":{"line":20,"column":57}},"13":{"start":{"line":22,"column":1},"end":{"line":22,"column":130}}},"fnMap":{"0":{"name":"(anonymous_0)","decl":{"start":{"line":16,"column":26},"end":{"line":16,"column":27}},"loc":{"start":{"line":16,"column":46},"end":{"line":23,"column":1}},"line":16}},"branchMap":{},"s":{"0":1,"1":1,"2":1,"3":1,"4":1,"5":1,"6":1,"7":1,"8":1,"9":3,"10":3,"11":3,"12":3,"13":3},"f":{"0":3},"b":{},"_coverageSchema":"1a1c01bbd47fc00a2c39e90264f33305004495a9","hash":"44a4efaea88a4d152cbedf2021b3247d4a6e07d4","contentHash":"c77797c281b622fc2cc95a41b461915acc1f3bd1622f6eb9e849c3dfe7ace70c"},"/Users/joethompson/Documents/FinalProject.nosync/datachain/DataChainNodeJS/dataChain/application-datachain/models/certificate.js":{"path":"/Users/joethompson/Documents/FinalProject.nosync/datachain/DataChainNodeJS/dataChain/application-datachain/models/certificate.js","statementMap":{"0":{"start":{"line":1,"column":17},"end":{"line":1,"column":36}},"1":{"start":{"line":2,"column":0},"end":{"line":2,"column":25}},"2":{"start":{"line":7,"column":26},"end":{"line":39,"column":2}},"3":{"start":{"line":46,"column":25},"end":{"line":46,"column":73}},"4":{"start":{"line":49,"column":0},"end":{"line":49,"column":34}}},"fnMap":{},"branchMap":{},"s":{"0":1,"1":1,"2":1,"3":1,"4":1},"f":{},"b":{},"_coverageSchema":"1a1c01bbd47fc00a2c39e90264f33305004495a9","hash":"bdb569a48569d3e98eed1a4baa484a0808442acb","contentHash":"18a929e8ed6d3d08f8089378b48049e28a8e478522ba69244420ad963bf480b0"},"/Users/joethompson/Documents/FinalProject.nosync/datachain/DataChainNodeJS/dataChain/application-datachain/routes/about.js":{"path":"/Users/joethompson/Documents/FinalProject.nosync/datachain/DataChainNodeJS/dataChain/application-datachain/routes/about.js","statementMap":{"0":{"start":{"line":1,"column":16},"end":{"line":1,"column":34}},"1":{"start":{"line":2,"column":15},"end":{"line":2,"column":31}},"2":{"start":{"line":5,"column":0},"end":{"line":7,"column":2}},"3":{"start":{"line":6,"column":1},"end":{"line":6,"column":35}},"4":{"start":{"line":9,"column":0},"end":{"line":9,"column":24}}},"fnMap":{"0":{"name":"(anonymous_0)","decl":{"start":{"line":5,"column":16},"end":{"line":5,"column":17}},"loc":{"start":{"line":5,"column":30},"end":{"line":7,"column":1}},"line":5}},"branchMap":{},"s":{"0":1,"1":1,"2":1,"3":1,"4":1},"f":{"0":1},"b":{},"_coverageSchema":"1a1c01bbd47fc00a2c39e90264f33305004495a9","hash":"14589a660caaea689e85ac530f65062a32495aae","contentHash":"e82bbf3c28b3e20a457d5034cd6648cb405d9ba1f59f962ca23883c4215eec8a"},"/Users/joethompson/Documents/FinalProject.nosync/datachain/DataChainNodeJS/dataChain/application-datachain/routes/newCertificateRoutes.js":{"path":"/Users/joethompson/Documents/FinalProject.nosync/datachain/DataChainNodeJS/dataChain/application-datachain/routes/newCertificateRoutes.js","statementMap":{"0":{"start":{"line":1,"column":19},"end":{"line":1,"column":37}},"1":{"start":{"line":2,"column":33},"end":{"line":2,"column":83}},"2":{"start":{"line":4,"column":15},"end":{"line":4,"column":23}},"3":{"start":{"line":7,"column":0},"end":{"line":7,"column":75}},"4":{"start":{"line":8,"column":0},"end":{"line":8,"column":77}},"5":{"start":{"line":12,"column":0},"end":{"line":12,"column":24}}},"fnMap":{},"branchMap":{},"s":{"0":1,"1":1,"2":1,"3":1,"4":1,"5":1},"f":{},"b":{},"_coverageSchema":"1a1c01bbd47fc00a2c39e90264f33305004495a9","hash":"c33d4c22df55e701b50a85aa95d003f788daec23","contentHash":"a786534120922ef7d2367349d8aca37c7e3e131072b8905afd335f05daa2c2c6"},"/Users/joethompson/Documents/FinalProject.nosync/datachain/DataChainNodeJS/dataChain/application-datachain/controllers/newCertificateController.js":{"path":"/Users/joethompson/Documents/FinalProject.nosync/datachain/DataChainNodeJS/dataChain/application-datachain/controllers/newCertificateController.js","statementMap":{"0":{"start":{"line":1,"column":20},"end":{"line":1,"column":52}},"1":{"start":{"line":2,"column":13},"end":{"line":2,"column":38}},"2":{"start":{"line":3,"column":19},"end":{"line":3,"column":50}},"3":{"start":{"line":4,"column":19},"end":{"line":4,"column":50}},"4":{"start":{"line":5,"column":17},"end":{"line":5,"column":36}},"5":{"start":{"line":6,"column":15},"end":{"line":6,"column":49}},"6":{"start":{"line":7,"column":12},"end":{"line":7,"column":35}},"7":{"start":{"line":8,"column":31},"end":{"line":8,"column":78}},"8":{"start":{"line":13,"column":21},"end":{"line":21,"column":1}},"9":{"start":{"line":14,"column":1},"end":{"line":14,"column":36}},"10":{"start":{"line":15,"column":14},"end":{"line":18,"column":18}},"11":{"start":{"line":20,"column":1},"end":{"line":20,"column":15}},"12":{"start":{"line":24,"column":0},"end":{"line":55,"column":2}},"13":{"start":{"line":25,"column":19},"end":{"line":25,"column":21}},"14":{"start":{"line":26,"column":16},"end":{"line":26,"column":18}},"15":{"start":{"line":29,"column":1},"end":{"line":42,"column":2}},"16":{"start":{"line":30,"column":2},"end":{"line":30,"column":47}},"17":{"start":{"line":32,"column":2},"end":{"line":32,"column":82}},"18":{"start":{"line":34,"column":8},"end":{"line":42,"column":2}},"19":{"start":{"line":35,"column":2},"end":{"line":35,"column":37}},"20":{"start":{"line":36,"column":2},"end":{"line":41,"column":3}},"21":{"start":{"line":37,"column":3},"end":{"line":40,"column":4}},"22":{"start":{"line":37,"column":15},"end":{"line":37,"column":16}},"23":{"start":{"line":38,"column":23},"end":{"line":38,"column":94}},"24":{"start":{"line":39,"column":4},"end":{"line":39,"column":38}},"25":{"start":{"line":44,"column":1},"end":{"line":52,"column":2}},"26":{"start":{"line":45,"column":2},"end":{"line":51,"column":3}},"27":{"start":{"line":45,"column":13},"end":{"line":45,"column":14}},"28":{"start":{"line":46,"column":19},"end":{"line":46,"column":70}},"29":{"start":{"line":48,"column":3},"end":{"line":50,"column":4}},"30":{"start":{"line":49,"column":4},"end":{"line":49,"column":27}},"31":{"start":{"line":54,"column":1},"end":{"line":54,"column":92}},"32":{"start":{"line":62,"column":0},"end":{"line":155,"column":2}},"33":{"start":{"line":63,"column":1},"end":{"line":154,"column":2}},"34":{"start":{"line":65,"column":56},"end":{"line":65,"column":64}},"35":{"start":{"line":66,"column":16},"end":{"line":66,"column":31}},"36":{"start":{"line":67,"column":21},"end":{"line":67,"column":25}},"37":{"start":{"line":68,"column":21},"end":{"line":68,"column":25}},"38":{"start":{"line":71,"column":2},"end":{"line":83,"column":5}},"39":{"start":{"line":72,"column":3},"end":{"line":82,"column":4}},"40":{"start":{"line":73,"column":4},"end":{"line":79,"column":7}},"41":{"start":{"line":74,"column":5},"end":{"line":78,"column":6}},"42":{"start":{"line":75,"column":6},"end":{"line":75,"column":31}},"43":{"start":{"line":77,"column":6},"end":{"line":77,"column":36}},"44":{"start":{"line":81,"column":4},"end":{"line":81,"column":35}},"45":{"start":{"line":86,"column":2},"end":{"line":94,"column":3}},"46":{"start":{"line":87,"column":3},"end":{"line":87,"column":64}},"47":{"start":{"line":88,"column":22},"end":{"line":88,"column":78}},"48":{"start":{"line":89,"column":3},"end":{"line":89,"column":44}},"49":{"start":{"line":93,"column":3},"end":{"line":93,"column":88}},"50":{"start":{"line":97,"column":2},"end":{"line":143,"column":3}},"51":{"start":{"line":97,"column":13},"end":{"line":97,"column":14}},"52":{"start":{"line":98,"column":16},"end":{"line":98,"column":65}},"53":{"start":{"line":100,"column":16},"end":{"line":100,"column":26}},"54":{"start":{"line":102,"column":23},"end":{"line":107,"column":42}},"55":{"start":{"line":111,"column":3},"end":{"line":121,"column":5}},"56":{"start":{"line":115,"column":13},"end":{"line":119,"column":14}},"57":{"start":{"line":116,"column":17},"end":{"line":116,"column":36}},"58":{"start":{"line":118,"column":17},"end":{"line":118,"column":38}},"59":{"start":{"line":123,"column":3},"end":{"line":133,"column":5}},"60":{"start":{"line":127,"column":13},"end":{"line":131,"column":14}},"61":{"start":{"line":128,"column":17},"end":{"line":128,"column":36}},"62":{"start":{"line":130,"column":17},"end":{"line":130,"column":38}},"63":{"start":{"line":135,"column":3},"end":{"line":141,"column":4}},"64":{"start":{"line":137,"column":4},"end":{"line":137,"column":84}},"65":{"start":{"line":140,"column":4},"end":{"line":140,"column":63}},"66":{"start":{"line":148,"column":2},"end":{"line":148,"column":53}},"67":{"start":{"line":152,"column":17},"end":{"line":152,"column":34}},"68":{"start":{"line":153,"column":2},"end":{"line":153,"column":42}}},"fnMap":{"0":{"name":"(anonymous_0)","decl":{"start":{"line":13,"column":21},"end":{"line":13,"column":22}},"loc":{"start":{"line":13,"column":30},"end":{"line":21,"column":1}},"line":13},"1":{"name":"(anonymous_1)","decl":{"start":{"line":24,"column":36},"end":{"line":24,"column":37}},"loc":{"start":{"line":24,"column":56},"end":{"line":55,"column":1}},"line":24},"2":{"name":"(anonymous_2)","decl":{"start":{"line":62,"column":37},"end":{"line":62,"column":38}},"loc":{"start":{"line":62,"column":57},"end":{"line":155,"column":1}},"line":62},"3":{"name":"(anonymous_3)","decl":{"start":{"line":71,"column":75},"end":{"line":71,"column":76}},"loc":{"start":{"line":71,"column":98},"end":{"line":83,"column":3}},"line":71},"4":{"name":"(anonymous_4)","decl":{"start":{"line":73,"column":77},"end":{"line":73,"column":78}},"loc":{"start":{"line":73,"column":100},"end":{"line":79,"column":5}},"line":73},"5":{"name":"(anonymous_5)","decl":{"start":{"line":114,"column":6},"end":{"line":114,"column":7}},"loc":{"start":{"line":114,"column":32},"end":{"line":120,"column":9}},"line":114},"6":{"name":"(anonymous_6)","decl":{"start":{"line":126,"column":6},"end":{"line":126,"column":7}},"loc":{"start":{"line":126,"column":32},"end":{"line":132,"column":9}},"line":126}},"branchMap":{"0":{"loc":{"start":{"line":29,"column":1},"end":{"line":42,"column":2}},"type":"if","locations":[{"start":{"line":29,"column":1},"end":{"line":42,"column":2}},{"start":{"line":29,"column":1},"end":{"line":42,"column":2}}],"line":29},"1":{"loc":{"start":{"line":34,"column":8},"end":{"line":42,"column":2}},"type":"if","locations":[{"start":{"line":34,"column":8},"end":{"line":42,"column":2}},{"start":{"line":34,"column":8},"end":{"line":42,"column":2}}],"line":34},"2":{"loc":{"start":{"line":36,"column":2},"end":{"line":41,"column":3}},"type":"if","locations":[{"start":{"line":36,"column":2},"end":{"line":41,"column":3}},{"start":{"line":36,"column":2},"end":{"line":41,"column":3}}],"line":36},"3":{"loc":{"start":{"line":44,"column":1},"end":{"line":52,"column":2}},"type":"if","locations":[{"start":{"line":44,"column":1},"end":{"line":52,"column":2}},{"start":{"line":44,"column":1},"end":{"line":52,"column":2}}],"line":44},"4":{"loc":{"start":{"line":48,"column":3},"end":{"line":50,"column":4}},"type":"if","locations":[{"start":{"line":48,"column":3},"end":{"line":50,"column":4}},{"start":{"line":48,"column":3},"end":{"line":50,"column":4}}],"line":48},"5":{"loc":{"start":{"line":48,"column":7},"end":{"line":48,"column":70}},"type":"binary-expr","locations":[{"start":{"line":48,"column":7},"end":{"line":48,"column":39}},{"start":{"line":48,"column":43},"end":{"line":48,"column":70}}],"line":48},"6":{"loc":{"start":{"line":72,"column":3},"end":{"line":82,"column":4}},"type":"if","locations":[{"start":{"line":72,"column":3},"end":{"line":82,"column":4}},{"start":{"line":72,"column":3},"end":{"line":82,"column":4}}],"line":72},"7":{"loc":{"start":{"line":74,"column":5},"end":{"line":78,"column":6}},"type":"if","locations":[{"start":{"line":74,"column":5},"end":{"line":78,"column":6}},{"start":{"line":74,"column":5},"end":{"line":78,"column":6}}],"line":74},"8":{"loc":{"start":{"line":86,"column":2},"end":{"line":94,"column":3}},"type":"if","locations":[{"start":{"line":86,"column":2},"end":{"line":94,"column":3}},{"start":{"line":86,"column":2},"end":{"line":94,"column":3}}],"line":86},"9":{"loc":{"start":{"line":115,"column":13},"end":{"line":119,"column":14}},"type":"if","locations":[{"start":{"line":115,"column":13},"end":{"line":119,"column":14}},{"start":{"line":115,"column":13},"end":{"line":119,"column":14}}],"line":115},"10":{"loc":{"start":{"line":127,"column":13},"end":{"line":131,"column":14}},"type":"if","locations":[{"start":{"line":127,"column":13},"end":{"line":131,"column":14}},{"start":{"line":127,"column":13},"end":{"line":131,"column":14}}],"line":127}},"s":{"0":1,"1":1,"2":1,"3":1,"4":1,"5":1,"6":1,"7":1,"8":1,"9":3,"10":3,"11":3,"12":1,"13":5,"14":5,"15":5,"16":1,"17":1,"18":4,"19":1,"20":1,"21":1,"22":1,"23":1,"24":1,"25":4,"26":0,"27":0,"28":0,"29":0,"30":0,"31":4,"32":1,"33":3,"34":3,"35":3,"36":3,"37":3,"38":3,"39":3,"40":3,"41":3,"42":3,"43":0,"44":0,"45":3,"46":3,"47":3,"48":0,"49":0,"50":0,"51":0,"52":0,"53":0,"54":0,"55":0,"56":0,"57":0,"58":0,"59":0,"60":0,"61":0,"62":0,"63":0,"64":0,"65":0,"66":0,"67":3,"68":3},"f":{"0":3,"1":5,"2":3,"3":3,"4":3,"5":0,"6":0},"b":{"0":[1,4],"1":[1,3],"2":[1,0],"3":[0,4],"4":[0,0],"5":[0,0],"6":[3,0],"7":[3,0],"8":[3,0],"9":[0,0],"10":[0,0]},"_coverageSchema":"1a1c01bbd47fc00a2c39e90264f33305004495a9","hash":"12714aba582bb4520dfd35370a79287c226dab79","contentHash":"1bdd08ccdc6b4d9ef46603dfea746120fdc0c87b27cb603ab3d1ffd639dab6ef"},"/Users/joethompson/Documents/FinalProject.nosync/datachain/DataChainNodeJS/dataChain/application-datachain/routes/authRoutes.js":{"path":"/Users/joethompson/Documents/FinalProject.nosync/datachain/DataChainNodeJS/dataChain/application-datachain/routes/authRoutes.js","statementMap":{"0":{"start":{"line":1,"column":19},"end":{"line":1,"column":37}},"1":{"start":{"line":2,"column":23},"end":{"line":2,"column":63}},"2":{"start":{"line":4,"column":15},"end":{"line":4,"column":23}},"3":{"start":{"line":7,"column":0},"end":{"line":7,"column":49}},"4":{"start":{"line":8,"column":0},"end":{"line":8,"column":51}},"5":{"start":{"line":9,"column":0},"end":{"line":9,"column":49}},"6":{"start":{"line":10,"column":0},"end":{"line":10,"column":49}},"7":{"start":{"line":11,"column":0},"end":{"line":11,"column":68}},"8":{"start":{"line":12,"column":0},"end":{"line":12,"column":70}},"9":{"start":{"line":13,"column":0},"end":{"line":13,"column":72}},"10":{"start":{"line":14,"column":0},"end":{"line":14,"column":60}},"11":{"start":{"line":15,"column":0},"end":{"line":15,"column":62}},"12":{"start":{"line":16,"column":0},"end":{"line":16,"column":64}},"13":{"start":{"line":19,"column":0},"end":{"line":19,"column":24}}},"fnMap":{},"branchMap":{},"s":{"0":1,"1":1,"2":1,"3":1,"4":1,"5":1,"6":1,"7":1,"8":1,"9":1,"10":1,"11":1,"12":1,"13":1},"f":{},"b":{},"_coverageSchema":"1a1c01bbd47fc00a2c39e90264f33305004495a9","hash":"35abc2fdb2d90c4e5c805a2aef67a8182f16a510","contentHash":"a2365cfa4b963b003efdff8376357f72e203ab24ffc4a865639920c3b5e19aab"},"/Users/joethompson/Documents/FinalProject.nosync/datachain/DataChainNodeJS/dataChain/application-datachain/controllers/authController.js":{"path":"/Users/joethompson/Documents/FinalProject.nosync/datachain/DataChainNodeJS/dataChain/application-datachain/controllers/authController.js","statementMap":{"0":{"start":{"line":1,"column":13},"end":{"line":1,"column":38}},"1":{"start":{"line":2,"column":19},"end":{"line":2,"column":50}},"2":{"start":{"line":3,"column":15},"end":{"line":3,"column":42}},"3":{"start":{"line":4,"column":19},"end":{"line":4,"column":50}},"4":{"start":{"line":5,"column":12},"end":{"line":5,"column":35}},"5":{"start":{"line":6,"column":25},"end":{"line":6,"column":72}},"6":{"start":{"line":7,"column":16},"end":{"line":7,"column":34}},"7":{"start":{"line":13,"column":15},"end":{"line":13,"column":31}},"8":{"start":{"line":14,"column":20},"end":{"line":14,"column":25}},"9":{"start":{"line":16,"column":24},"end":{"line":20,"column":1}},"10":{"start":{"line":17,"column":1},"end":{"line":19,"column":4}},"11":{"start":{"line":22,"column":30},"end":{"line":26,"column":1}},"12":{"start":{"line":23,"column":1},"end":{"line":25,"column":4}},"13":{"start":{"line":28,"column":30},"end":{"line":32,"column":1}},"14":{"start":{"line":29,"column":1},"end":{"line":31,"column":4}},"15":{"start":{"line":34,"column":26},"end":{"line":38,"column":1}},"16":{"start":{"line":35,"column":1},"end":{"line":37,"column":4}},"17":{"start":{"line":47,"column":21},"end":{"line":105,"column":1}},"18":{"start":{"line":48,"column":1},"end":{"line":48,"column":36}},"19":{"start":{"line":49,"column":14},"end":{"line":52,"column":22}},"20":{"start":{"line":56,"column":1},"end":{"line":58,"column":2}},"21":{"start":{"line":57,"column":2},"end":{"line":57,"column":48}},"22":{"start":{"line":61,"column":1},"end":{"line":63,"column":2}},"23":{"start":{"line":62,"column":2},"end":{"line":62,"column":49}},"24":{"start":{"line":66,"column":1},"end":{"line":69,"column":2}},"25":{"start":{"line":67,"column":2},"end":{"line":67,"column":52}},"26":{"start":{"line":68,"column":2},"end":{"line":68,"column":16}},"27":{"start":{"line":71,"column":1},"end":{"line":74,"column":2}},"28":{"start":{"line":72,"column":2},"end":{"line":72,"column":47}},"29":{"start":{"line":73,"column":2},"end":{"line":73,"column":16}},"30":{"start":{"line":77,"column":1},"end":{"line":81,"column":2}},"31":{"start":{"line":78,"column":2},"end":{"line":80,"column":5}},"32":{"start":{"line":79,"column":3},"end":{"line":79,"column":48}},"33":{"start":{"line":84,"column":1},"end":{"line":88,"column":2}},"34":{"start":{"line":85,"column":2},"end":{"line":87,"column":5}},"35":{"start":{"line":86,"column":3},"end":{"line":86,"column":48}},"36":{"start":{"line":91,"column":1},"end":{"line":95,"column":2}},"37":{"start":{"line":92,"column":2},"end":{"line":94,"column":5}},"38":{"start":{"line":93,"column":3},"end":{"line":93,"column":48}},"39":{"start":{"line":98,"column":1},"end":{"line":102,"column":2}},"40":{"start":{"line":99,"column":2},"end":{"line":101,"column":5}},"41":{"start":{"line":100,"column":3},"end":{"line":100,"column":48}},"42":{"start":{"line":104,"column":1},"end":{"line":104,"column":15}},"43":{"start":{"line":109,"column":0},"end":{"line":111,"column":1}},"44":{"start":{"line":110,"column":2},"end":{"line":110,"column":68}},"45":{"start":{"line":114,"column":0},"end":{"line":137,"column":1}},"46":{"start":{"line":115,"column":48},"end":{"line":115,"column":56}},"47":{"start":{"line":117,"column":1},"end":{"line":136,"column":2}},"48":{"start":{"line":118,"column":2},"end":{"line":130,"column":3}},"49":{"start":{"line":119,"column":16},"end":{"line":119,"column":60}},"50":{"start":{"line":121,"column":3},"end":{"line":121,"column":26}},"51":{"start":{"line":123,"column":17},"end":{"line":123,"column":42}},"52":{"start":{"line":124,"column":3},"end":{"line":124,"column":71}},"53":{"start":{"line":125,"column":3},"end":{"line":125,"column":44}},"54":{"start":{"line":128,"column":18},"end":{"line":128,"column":56}},"55":{"start":{"line":129,"column":3},"end":{"line":129,"column":42}},"56":{"start":{"line":133,"column":17},"end":{"line":133,"column":34}},"57":{"start":{"line":134,"column":2},"end":{"line":134,"column":35}},"58":{"start":{"line":142,"column":0},"end":{"line":156,"column":1}},"59":{"start":{"line":143,"column":29},"end":{"line":143,"column":37}},"60":{"start":{"line":145,"column":1},"end":{"line":155,"column":2}},"61":{"start":{"line":147,"column":15},"end":{"line":147,"column":48}},"62":{"start":{"line":148,"column":16},"end":{"line":148,"column":41}},"63":{"start":{"line":149,"column":2},"end":{"line":149,"column":70}},"64":{"start":{"line":150,"column":2},"end":{"line":150,"column":42}},"65":{"start":{"line":153,"column":17},"end":{"line":153,"column":34}},"66":{"start":{"line":154,"column":2},"end":{"line":154,"column":35}},"67":{"start":{"line":160,"column":0},"end":{"line":163,"column":1}},"68":{"start":{"line":161,"column":1},"end":{"line":161,"column":38}},"69":{"start":{"line":162,"column":1},"end":{"line":162,"column":35}},"70":{"start":{"line":167,"column":0},"end":{"line":169,"column":1}},"71":{"start":{"line":168,"column":1},"end":{"line":168,"column":88}},"72":{"start":{"line":171,"column":0},"end":{"line":193,"column":1}},"73":{"start":{"line":172,"column":29},"end":{"line":172,"column":37}},"74":{"start":{"line":174,"column":1},"end":{"line":192,"column":2}},"75":{"start":{"line":175,"column":21},"end":{"line":175,"column":60}},"76":{"start":{"line":176,"column":16},"end":{"line":176,"column":53}},"77":{"start":{"line":177,"column":2},"end":{"line":177,"column":70}},"78":{"start":{"line":178,"column":2},"end":{"line":178,"column":55}},"79":{"start":{"line":182,"column":2},"end":{"line":191,"column":3}},"80":{"start":{"line":183,"column":22},"end":{"line":183,"column":61}},"81":{"start":{"line":184,"column":17},"end":{"line":184,"column":54}},"82":{"start":{"line":185,"column":3},"end":{"line":185,"column":71}},"83":{"start":{"line":186,"column":3},"end":{"line":186,"column":56}},"84":{"start":{"line":189,"column":18},"end":{"line":189,"column":35}},"85":{"start":{"line":190,"column":3},"end":{"line":190,"column":36}},"86":{"start":{"line":197,"column":0},"end":{"line":220,"column":1}},"87":{"start":{"line":198,"column":48},"end":{"line":198,"column":56}},"88":{"start":{"line":200,"column":1},"end":{"line":219,"column":2}},"89":{"start":{"line":201,"column":2},"end":{"line":213,"column":3}},"90":{"start":{"line":202,"column":22},"end":{"line":202,"column":72}},"91":{"start":{"line":204,"column":3},"end":{"line":204,"column":32}},"92":{"start":{"line":206,"column":17},"end":{"line":206,"column":54}},"93":{"start":{"line":207,"column":3},"end":{"line":207,"column":71}},"94":{"start":{"line":208,"column":3},"end":{"line":208,"column":56}},"95":{"start":{"line":211,"column":18},"end":{"line":211,"column":56}},"96":{"start":{"line":212,"column":3},"end":{"line":212,"column":42}},"97":{"start":{"line":216,"column":17},"end":{"line":216,"column":34}},"98":{"start":{"line":217,"column":2},"end":{"line":217,"column":22}},"99":{"start":{"line":218,"column":2},"end":{"line":218,"column":35}},"100":{"start":{"line":223,"column":0},"end":{"line":237,"column":1}},"101":{"start":{"line":224,"column":29},"end":{"line":224,"column":37}},"102":{"start":{"line":226,"column":1},"end":{"line":236,"column":2}},"103":{"start":{"line":227,"column":2},"end":{"line":227,"column":39}},"104":{"start":{"line":228,"column":21},"end":{"line":228,"column":60}},"105":{"start":{"line":229,"column":16},"end":{"line":229,"column":53}},"106":{"start":{"line":230,"column":2},"end":{"line":230,"column":70}},"107":{"start":{"line":231,"column":2},"end":{"line":231,"column":55}},"108":{"start":{"line":234,"column":17},"end":{"line":234,"column":34}},"109":{"start":{"line":235,"column":2},"end":{"line":235,"column":35}},"110":{"start":{"line":241,"column":0},"end":{"line":288,"column":1}},"111":{"start":{"line":242,"column":58},"end":{"line":242,"column":66}},"112":{"start":{"line":244,"column":1},"end":{"line":287,"column":2}},"113":{"start":{"line":245,"column":21},"end":{"line":245,"column":29}},"114":{"start":{"line":247,"column":2},"end":{"line":280,"column":3}},"115":{"start":{"line":248,"column":22},"end":{"line":248,"column":72}},"116":{"start":{"line":250,"column":3},"end":{"line":260,"column":7}},"117":{"start":{"line":254,"column":12},"end":{"line":258,"column":13}},"118":{"start":{"line":255,"column":16},"end":{"line":255,"column":35}},"119":{"start":{"line":257,"column":16},"end":{"line":257,"column":37}},"120":{"start":{"line":262,"column":3},"end":{"line":272,"column":7}},"121":{"start":{"line":266,"column":12},"end":{"line":270,"column":13}},"122":{"start":{"line":267,"column":16},"end":{"line":267,"column":35}},"123":{"start":{"line":269,"column":16},"end":{"line":269,"column":37}},"124":{"start":{"line":275,"column":3},"end":{"line":275,"column":56}},"125":{"start":{"line":278,"column":18},"end":{"line":278,"column":56}},"126":{"start":{"line":279,"column":3},"end":{"line":279,"column":42}},"127":{"start":{"line":283,"column":2},"end":{"line":283,"column":45}},"128":{"start":{"line":284,"column":17},"end":{"line":284,"column":34}},"129":{"start":{"line":285,"column":2},"end":{"line":285,"column":22}},"130":{"start":{"line":286,"column":2},"end":{"line":286,"column":35}},"131":{"start":{"line":295,"column":0},"end":{"line":297,"column":1}},"132":{"start":{"line":296,"column":1},"end":{"line":296,"column":80}},"133":{"start":{"line":299,"column":0},"end":{"line":313,"column":1}},"134":{"start":{"line":300,"column":29},"end":{"line":300,"column":37}},"135":{"start":{"line":302,"column":1},"end":{"line":312,"column":2}},"136":{"start":{"line":304,"column":17},"end":{"line":304,"column":52}},"137":{"start":{"line":305,"column":16},"end":{"line":305,"column":45}},"138":{"start":{"line":306,"column":2},"end":{"line":306,"column":70}},"139":{"start":{"line":307,"column":2},"end":{"line":307,"column":46}},"140":{"start":{"line":310,"column":17},"end":{"line":310,"column":34}},"141":{"start":{"line":311,"column":2},"end":{"line":311,"column":35}},"142":{"start":{"line":320,"column":0},"end":{"line":346,"column":1}},"143":{"start":{"line":321,"column":48},"end":{"line":321,"column":56}},"144":{"start":{"line":323,"column":1},"end":{"line":345,"column":2}},"145":{"start":{"line":324,"column":2},"end":{"line":338,"column":3}},"146":{"start":{"line":326,"column":18},"end":{"line":326,"column":64}},"147":{"start":{"line":328,"column":3},"end":{"line":328,"column":28}},"148":{"start":{"line":330,"column":17},"end":{"line":330,"column":46}},"149":{"start":{"line":332,"column":3},"end":{"line":332,"column":71}},"150":{"start":{"line":333,"column":3},"end":{"line":333,"column":48}},"151":{"start":{"line":336,"column":18},"end":{"line":336,"column":56}},"152":{"start":{"line":337,"column":3},"end":{"line":337,"column":42}},"153":{"start":{"line":341,"column":17},"end":{"line":341,"column":34}},"154":{"start":{"line":342,"column":2},"end":{"line":342,"column":22}},"155":{"start":{"line":343,"column":2},"end":{"line":343,"column":35}}},"fnMap":{"0":{"name":"(anonymous_0)","decl":{"start":{"line":16,"column":24},"end":{"line":16,"column":25}},"loc":{"start":{"line":16,"column":32},"end":{"line":20,"column":1}},"line":16},"1":{"name":"(anonymous_1)","decl":{"start":{"line":22,"column":30},"end":{"line":22,"column":31}},"loc":{"start":{"line":22,"column":38},"end":{"line":26,"column":1}},"line":22},"2":{"name":"(anonymous_2)","decl":{"start":{"line":28,"column":30},"end":{"line":28,"column":31}},"loc":{"start":{"line":28,"column":38},"end":{"line":32,"column":1}},"line":28},"3":{"name":"(anonymous_3)","decl":{"start":{"line":34,"column":26},"end":{"line":34,"column":27}},"loc":{"start":{"line":34,"column":34},"end":{"line":38,"column":1}},"line":34},"4":{"name":"(anonymous_4)","decl":{"start":{"line":47,"column":21},"end":{"line":47,"column":22}},"loc":{"start":{"line":47,"column":30},"end":{"line":105,"column":1}},"line":47},"5":{"name":"(anonymous_5)","decl":{"start":{"line":78,"column":36},"end":{"line":78,"column":37}},"loc":{"start":{"line":78,"column":54},"end":{"line":80,"column":3}},"line":78},"6":{"name":"(anonymous_6)","decl":{"start":{"line":85,"column":36},"end":{"line":85,"column":37}},"loc":{"start":{"line":85,"column":54},"end":{"line":87,"column":3}},"line":85},"7":{"name":"(anonymous_7)","decl":{"start":{"line":92,"column":36},"end":{"line":92,"column":37}},"loc":{"start":{"line":92,"column":54},"end":{"line":94,"column":3}},"line":92},"8":{"name":"(anonymous_8)","decl":{"start":{"line":99,"column":36},"end":{"line":99,"column":37}},"loc":{"start":{"line":99,"column":54},"end":{"line":101,"column":3}},"line":99},"9":{"name":"(anonymous_9)","decl":{"start":{"line":109,"column":28},"end":{"line":109,"column":29}},"loc":{"start":{"line":109,"column":42},"end":{"line":111,"column":1}},"line":109},"10":{"name":"(anonymous_10)","decl":{"start":{"line":114,"column":29},"end":{"line":114,"column":30}},"loc":{"start":{"line":114,"column":49},"end":{"line":137,"column":1}},"line":114},"11":{"name":"(anonymous_11)","decl":{"start":{"line":142,"column":28},"end":{"line":142,"column":29}},"loc":{"start":{"line":142,"column":48},"end":{"line":156,"column":1}},"line":142},"12":{"name":"(anonymous_12)","decl":{"start":{"line":160,"column":28},"end":{"line":160,"column":29}},"loc":{"start":{"line":160,"column":48},"end":{"line":163,"column":1}},"line":160},"13":{"name":"(anonymous_13)","decl":{"start":{"line":167,"column":38},"end":{"line":167,"column":39}},"loc":{"start":{"line":167,"column":58},"end":{"line":169,"column":1}},"line":167},"14":{"name":"(anonymous_14)","decl":{"start":{"line":171,"column":39},"end":{"line":171,"column":40}},"loc":{"start":{"line":171,"column":59},"end":{"line":193,"column":1}},"line":171},"15":{"name":"(anonymous_15)","decl":{"start":{"line":197,"column":40},"end":{"line":197,"column":41}},"loc":{"start":{"line":197,"column":60},"end":{"line":220,"column":1}},"line":197},"16":{"name":"(anonymous_16)","decl":{"start":{"line":223,"column":39},"end":{"line":223,"column":40}},"loc":{"start":{"line":223,"column":59},"end":{"line":237,"column":1}},"line":223},"17":{"name":"(anonymous_17)","decl":{"start":{"line":241,"column":40},"end":{"line":241,"column":41}},"loc":{"start":{"line":241,"column":60},"end":{"line":288,"column":1}},"line":241},"18":{"name":"(anonymous_18)","decl":{"start":{"line":253,"column":5},"end":{"line":253,"column":6}},"loc":{"start":{"line":253,"column":31},"end":{"line":259,"column":8}},"line":253},"19":{"name":"(anonymous_19)","decl":{"start":{"line":265,"column":5},"end":{"line":265,"column":6}},"loc":{"start":{"line":265,"column":31},"end":{"line":271,"column":8}},"line":265},"20":{"name":"(anonymous_20)","decl":{"start":{"line":295,"column":34},"end":{"line":295,"column":35}},"loc":{"start":{"line":295,"column":54},"end":{"line":297,"column":1}},"line":295},"21":{"name":"(anonymous_21)","decl":{"start":{"line":299,"column":35},"end":{"line":299,"column":36}},"loc":{"start":{"line":299,"column":55},"end":{"line":313,"column":1}},"line":299},"22":{"name":"(anonymous_22)","decl":{"start":{"line":320,"column":36},"end":{"line":320,"column":37}},"loc":{"start":{"line":320,"column":56},"end":{"line":346,"column":1}},"line":320}},"branchMap":{"0":{"loc":{"start":{"line":56,"column":1},"end":{"line":58,"column":2}},"type":"if","locations":[{"start":{"line":56,"column":1},"end":{"line":58,"column":2}},{"start":{"line":56,"column":1},"end":{"line":58,"column":2}}],"line":56},"1":{"loc":{"start":{"line":61,"column":1},"end":{"line":63,"column":2}},"type":"if","locations":[{"start":{"line":61,"column":1},"end":{"line":63,"column":2}},{"start":{"line":61,"column":1},"end":{"line":63,"column":2}}],"line":61},"2":{"loc":{"start":{"line":66,"column":1},"end":{"line":69,"column":2}},"type":"if","locations":[{"start":{"line":66,"column":1},"end":{"line":69,"column":2}},{"start":{"line":66,"column":1},"end":{"line":69,"column":2}}],"line":66},"3":{"loc":{"start":{"line":71,"column":1},"end":{"line":74,"column":2}},"type":"if","locations":[{"start":{"line":71,"column":1},"end":{"line":74,"column":2}},{"start":{"line":71,"column":1},"end":{"line":74,"column":2}}],"line":71},"4":{"loc":{"start":{"line":77,"column":1},"end":{"line":81,"column":2}},"type":"if","locations":[{"start":{"line":77,"column":1},"end":{"line":81,"column":2}},{"start":{"line":77,"column":1},"end":{"line":81,"column":2}}],"line":77},"5":{"loc":{"start":{"line":84,"column":1},"end":{"line":88,"column":2}},"type":"if","locations":[{"start":{"line":84,"column":1},"end":{"line":88,"column":2}},{"start":{"line":84,"column":1},"end":{"line":88,"column":2}}],"line":84},"6":{"loc":{"start":{"line":91,"column":1},"end":{"line":95,"column":2}},"type":"if","locations":[{"start":{"line":91,"column":1},"end":{"line":95,"column":2}},{"start":{"line":91,"column":1},"end":{"line":95,"column":2}}],"line":91},"7":{"loc":{"start":{"line":98,"column":1},"end":{"line":102,"column":2}},"type":"if","locations":[{"start":{"line":98,"column":1},"end":{"line":102,"column":2}},{"start":{"line":98,"column":1},"end":{"line":102,"column":2}}],"line":98},"8":{"loc":{"start":{"line":118,"column":2},"end":{"line":130,"column":3}},"type":"if","locations":[{"start":{"line":118,"column":2},"end":{"line":130,"column":3}},{"start":{"line":118,"column":2},"end":{"line":130,"column":3}}],"line":118},"9":{"loc":{"start":{"line":201,"column":2},"end":{"line":213,"column":3}},"type":"if","locations":[{"start":{"line":201,"column":2},"end":{"line":213,"column":3}},{"start":{"line":201,"column":2},"end":{"line":213,"column":3}}],"line":201},"10":{"loc":{"start":{"line":247,"column":2},"end":{"line":280,"column":3}},"type":"if","locations":[{"start":{"line":247,"column":2},"end":{"line":280,"column":3}},{"start":{"line":247,"column":2},"end":{"line":280,"column":3}}],"line":247},"11":{"loc":{"start":{"line":254,"column":12},"end":{"line":258,"column":13}},"type":"if","locations":[{"start":{"line":254,"column":12},"end":{"line":258,"column":13}},{"start":{"line":254,"column":12},"end":{"line":258,"column":13}}],"line":254},"12":{"loc":{"start":{"line":266,"column":12},"end":{"line":270,"column":13}},"type":"if","locations":[{"start":{"line":266,"column":12},"end":{"line":270,"column":13}},{"start":{"line":266,"column":12},"end":{"line":270,"column":13}}],"line":266},"13":{"loc":{"start":{"line":324,"column":2},"end":{"line":338,"column":3}},"type":"if","locations":[{"start":{"line":324,"column":2},"end":{"line":338,"column":3}},{"start":{"line":324,"column":2},"end":{"line":338,"column":3}}],"line":324}},"s":{"0":1,"1":1,"2":1,"3":1,"4":1,"5":1,"6":1,"7":1,"8":1,"9":1,"10":8,"11":1,"12":7,"13":1,"14":2,"15":1,"16":7,"17":1,"18":12,"19":12,"20":12,"21":3,"22":12,"23":1,"24":12,"25":0,"26":0,"27":12,"28":4,"29":4,"30":8,"31":1,"32":1,"33":8,"34":1,"35":1,"36":8,"37":1,"38":1,"39":8,"40":1,"41":1,"42":8,"43":1,"44":1,"45":1,"46":9,"47":9,"48":9,"49":8,"50":7,"51":7,"52":7,"53":7,"54":1,"55":1,"56":1,"57":1,"58":1,"59":2,"60":2,"61":2,"62":1,"63":1,"64":1,"65":1,"66":1,"67":1,"68":1,"69":1,"70":1,"71":1,"72":1,"73":3,"74":3,"75":3,"76":1,"77":1,"78":1,"79":2,"80":2,"81":1,"82":1,"83":1,"84":1,"85":1,"86":1,"87":8,"88":8,"89":8,"90":7,"91":6,"92":6,"93":6,"94":6,"95":1,"96":1,"97":1,"98":1,"99":1,"100":1,"101":2,"102":2,"103":2,"104":2,"105":1,"106":1,"107":1,"108":1,"109":1,"110":1,"111":7,"112":7,"113":7,"114":7,"115":6,"116":5,"117":5,"118":0,"119":5,"120":5,"121":5,"122":0,"123":5,"124":5,"125":1,"126":1,"127":1,"128":1,"129":1,"130":1,"131":1,"132":1,"133":1,"134":2,"135":2,"136":2,"137":1,"138":1,"139":1,"140":1,"141":1,"142":1,"143":8,"144":8,"145":8,"146":7,"147":6,"148":6,"149":6,"150":6,"151":1,"152":1,"153":1,"154":1,"155":1},"f":{"0":8,"1":7,"2":2,"3":7,"4":12,"5":1,"6":1,"7":1,"8":1,"9":1,"10":9,"11":2,"12":1,"13":1,"14":3,"15":8,"16":2,"17":7,"18":5,"19":5,"20":1,"21":2,"22":8},"b":{"0":[3,9],"1":[1,11],"2":[0,12],"3":[4,8],"4":[1,7],"5":[1,7],"6":[1,7],"7":[1,7],"8":[8,1],"9":[7,1],"10":[6,1],"11":[0,5],"12":[0,5],"13":[7,1]},"_coverageSchema":"1a1c01bbd47fc00a2c39e90264f33305004495a9","hash":"a4719757f5b882c7329786778e55ca77652d45a2","contentHash":"5aa33e78d453d593c658d58106d0b830f7232be2f253e39a3734154efb92f5b3"},"/Users/joethompson/Documents/FinalProject.nosync/datachain/DataChainNodeJS/dataChain/application-datachain/routes/accountRoutes.js":{"path":"/Users/joethompson/Documents/FinalProject.nosync/datachain/DataChainNodeJS/dataChain/application-datachain/routes/accountRoutes.js","statementMap":{"0":{"start":{"line":1,"column":16},"end":{"line":1,"column":34}},"1":{"start":{"line":2,"column":19},"end":{"line":2,"column":37}},"2":{"start":{"line":3,"column":13},"end":{"line":3,"column":38}},"3":{"start":{"line":4,"column":26},"end":{"line":4,"column":69}},"4":{"start":{"line":5,"column":23},"end":{"line":5,"column":63}},"5":{"start":{"line":6,"column":24},"end":{"line":6,"column":63}},"6":{"start":{"line":9,"column":15},"end":{"line":9,"column":23}},"7":{"start":{"line":12,"column":0},"end":{"line":12,"column":67}},"8":{"start":{"line":13,"column":0},"end":{"line":13,"column":63}},"9":{"start":{"line":14,"column":0},"end":{"line":14,"column":70}},"10":{"start":{"line":15,"column":0},"end":{"line":15,"column":63}},"11":{"start":{"line":16,"column":0},"end":{"line":16,"column":66}},"12":{"start":{"line":17,"column":0},"end":{"line":17,"column":75}},"13":{"start":{"line":18,"column":0},"end":{"line":18,"column":68}},"14":{"start":{"line":19,"column":0},"end":{"line":19,"column":85}},"15":{"start":{"line":20,"column":0},"end":{"line":20,"column":74}},"16":{"start":{"line":22,"column":0},"end":{"line":22,"column":24}}},"fnMap":{},"branchMap":{},"s":{"0":1,"1":1,"2":1,"3":1,"4":1,"5":1,"6":1,"7":1,"8":1,"9":1,"10":1,"11":1,"12":1,"13":1,"14":1,"15":1,"16":1},"f":{},"b":{},"_coverageSchema":"1a1c01bbd47fc00a2c39e90264f33305004495a9","hash":"9a2fb0c8a73279fe88f68c8303bd41b62489c9c5","contentHash":"92038333e636e6bf0a1be666fcb2ef25b84f061ea147ff6574239b220b3b2155"},"/Users/joethompson/Documents/FinalProject.nosync/datachain/DataChainNodeJS/dataChain/application-datachain/controllers/accountController.js":{"path":"/Users/joethompson/Documents/FinalProject.nosync/datachain/DataChainNodeJS/dataChain/application-datachain/controllers/accountController.js","statementMap":{"0":{"start":{"line":1,"column":20},"end":{"line":1,"column":52}},"1":{"start":{"line":2,"column":13},"e
[...]
75,"column":245}},"109":{"start":{"line":183,"column":9},"end":{"line":198,"column":3}},"110":{"start":{"line":184,"column":18},"end":{"line":184,"column":35}},"111":{"start":{"line":185,"column":26},"end":{"line":185,"column":28}},"112":{"start":{"line":187,"column":3},"end":{"line":196,"column":4}},"113":{"start":{"line":187,"column":14},"end":{"line":187,"column":15}},"114":{"start":{"line":188,"column":19},"end":{"line":188,"column":76}},"115":{"start":{"line":189,"column":16},"end":{"line":189,"column":45}},"116":{"start":{"line":190,"column":4},"end":{"line":190,"column":36}},"117":{"start":{"line":191,"column":23},"end":{"line":191,"column":79}},"118":{"start":{"line":192,"column":20},"end":{"line":192,"column":67}},"119":{"start":{"line":193,"column":4},"end":{"line":193,"column":31}},"120":{"start":{"line":194,"column":4},"end":{"line":194,"column":25}},"121":{"start":{"line":195,"column":4},"end":{"line":195,"column":30}},"122":{"start":{"line":197,"column":3},"end":{"line":197,"column":166}},"123":{"start":{"line":201,"column":17},"end":{"line":201,"column":34}},"124":{"start":{"line":202,"column":2},"end":{"line":202,"column":35}},"125":{"start":{"line":207,"column":0},"end":{"line":237,"column":2}},"126":{"start":{"line":208,"column":1},"end":{"line":236,"column":2}},"127":{"start":{"line":209,"column":30},"end":{"line":209,"column":38}},"128":{"start":{"line":210,"column":15},"end":{"line":210,"column":19}},"129":{"start":{"line":211,"column":16},"end":{"line":211,"column":31}},"130":{"start":{"line":213,"column":2},"end":{"line":219,"column":5}},"131":{"start":{"line":214,"column":3},"end":{"line":218,"column":4}},"132":{"start":{"line":215,"column":4},"end":{"line":215,"column":29}},"133":{"start":{"line":217,"column":4},"end":{"line":217,"column":29}},"134":{"start":{"line":221,"column":15},"end":{"line":221,"column":69}},"135":{"start":{"line":222,"column":2},"end":{"line":224,"column":3}},"136":{"start":{"line":223,"column":3},"end":{"line":223,"column":33}},"137":{"start":{"line":226,"column":2},"end":{"line":226,"column":52}},"138":{"start":{"line":228,"column":2},"end":{"line":228,"column":42}},"139":{"start":{"line":229,"column":2},"end":{"line":229,"column":16}},"140":{"start":{"line":231,"column":2},"end":{"line":231,"column":43}},"141":{"start":{"line":235,"column":2},"end":{"line":235,"column":31}},"142":{"start":{"line":242,"column":0},"end":{"line":281,"column":2}},"143":{"start":{"line":243,"column":1},"end":{"line":280,"column":2}},"144":{"start":{"line":244,"column":73},"end":{"line":244,"column":81}},"145":{"start":{"line":245,"column":15},"end":{"line":245,"column":19}},"146":{"start":{"line":246,"column":16},"end":{"line":246,"column":31}},"147":{"start":{"line":248,"column":2},"end":{"line":254,"column":5}},"148":{"start":{"line":249,"column":3},"end":{"line":253,"column":4}},"149":{"start":{"line":250,"column":4},"end":{"line":250,"column":29}},"150":{"start":{"line":252,"column":4},"end":{"line":252,"column":29}},"151":{"start":{"line":256,"column":23},"end":{"line":261,"column":47}},"152":{"start":{"line":263,"column":2},"end":{"line":273,"column":4}},"153":{"start":{"line":267,"column":12},"end":{"line":271,"column":13}},"154":{"start":{"line":268,"column":16},"end":{"line":268,"column":35}},"155":{"start":{"line":270,"column":16},"end":{"line":270,"column":37}},"156":{"start":{"line":275,"column":2},"end":{"line":275,"column":49}},"157":{"start":{"line":279,"column":2},"end":{"line":279,"column":31}},"158":{"start":{"line":286,"column":0},"end":{"line":310,"column":2}},"159":{"start":{"line":287,"column":1},"end":{"line":309,"column":2}},"160":{"start":{"line":288,"column":38},"end":{"line":288,"column":46}},"161":{"start":{"line":290,"column":2},"end":{"line":300,"column":4}},"162":{"start":{"line":294,"column":12},"end":{"line":298,"column":13}},"163":{"start":{"line":295,"column":16},"end":{"line":295,"column":35}},"164":{"start":{"line":297,"column":16},"end":{"line":297,"column":37}},"165":{"start":{"line":304,"column":2},"end":{"line":304,"column":29}},"166":{"start":{"line":308,"column":2},"end":{"line":308,"column":31}},"167":{"start":{"line":314,"column":0},"end":{"line":338,"column":2}},"168":{"start":{"line":315,"column":1},"end":{"line":337,"column":2}},"169":{"start":{"line":316,"column":44},"end":{"line":316,"column":52}},"170":{"start":{"line":318,"column":2},"end":{"line":328,"column":4}},"171":{"start":{"line":322,"column":12},"end":{"line":326,"column":13}},"172":{"start":{"line":323,"column":16},"end":{"line":323,"column":35}},"173":{"start":{"line":325,"column":16},"end":{"line":325,"column":37}},"174":{"start":{"line":332,"column":2},"end":{"line":332,"column":29}},"175":{"start":{"line":336,"column":2},"end":{"line":336,"column":31}},"176":{"start":{"line":343,"column":0},"end":{"line":359,"column":2}},"177":{"start":{"line":344,"column":1},"end":{"line":358,"column":2}},"178":{"start":{"line":345,"column":28},"end":{"line":345,"column":63}},"179":{"start":{"line":346,"column":2},"end":{"line":346,"column":18}},"180":{"start":{"line":348,"column":2},"end":{"line":350,"column":3}},"181":{"start":{"line":349,"column":4},"end":{"line":349,"column":32}},"182":{"start":{"line":352,"column":2},"end":{"line":352,"column":225}},"183":{"start":{"line":356,"column":2},"end":{"line":356,"column":30}},"184":{"start":{"line":357,"column":2},"end":{"line":357,"column":31}},"185":{"start":{"line":363,"column":0},"end":{"line":411,"column":2}},"186":{"start":{"line":364,"column":1},"end":{"line":410,"column":2}},"187":{"start":{"line":365,"column":35},"end":{"line":365,"column":43}},"188":{"start":{"line":367,"column":17},"end":{"line":367,"column":24}},"189":{"start":{"line":369,"column":2},"end":{"line":379,"column":4}},"190":{"start":{"line":373,"column":12},"end":{"line":377,"column":13}},"191":{"start":{"line":374,"column":16},"end":{"line":374,"column":35}},"192":{"start":{"line":376,"column":16},"end":{"line":376,"column":37}},"193":{"start":{"line":381,"column":19},"end":{"line":381,"column":71}},"194":{"start":{"line":383,"column":2},"end":{"line":397,"column":3}},"195":{"start":{"line":384,"column":3},"end":{"line":384,"column":47}},"196":{"start":{"line":386,"column":3},"end":{"line":396,"column":5}},"197":{"start":{"line":390,"column":13},"end":{"line":394,"column":14}},"198":{"start":{"line":391,"column":17},"end":{"line":391,"column":36}},"199":{"start":{"line":393,"column":17},"end":{"line":393,"column":38}},"200":{"start":{"line":404,"column":2},"end":{"line":404,"column":28}},"201":{"start":{"line":407,"column":2},"end":{"line":407,"column":34}},"202":{"start":{"line":408,"column":2},"end":{"line":408,"column":32}}},"fnMap":{"0":{"name":"(anonymous_0)","decl":{"start":{"line":17,"column":21},"end":{"line":17,"column":22}},"loc":{"start":{"line":17,"column":30},"end":{"line":22,"column":1}},"line":17},"1":{"name":"(anonymous_1)","decl":{"start":{"line":27,"column":29},"end":{"line":27,"column":30}},"loc":{"start":{"line":27,"column":49},"end":{"line":204,"column":1}},"line":27},"2":{"name":"(anonymous_2)","decl":{"start":{"line":55,"column":19},"end":{"line":55,"column":20}},"loc":{"start":{"line":55,"column":26},"end":{"line":55,"column":68}},"line":55},"3":{"name":"(anonymous_3)","decl":{"start":{"line":55,"column":37},"end":{"line":55,"column":38}},"loc":{"start":{"line":55,"column":46},"end":{"line":55,"column":51}},"line":55},"4":{"name":"(anonymous_4)","decl":{"start":{"line":207,"column":39},"end":{"line":207,"column":40}},"loc":{"start":{"line":207,"column":59},"end":{"line":237,"column":1}},"line":207},"5":{"name":"(anonymous_5)","decl":{"start":{"line":213,"column":69},"end":{"line":213,"column":70}},"loc":{"start":{"line":213,"column":92},"end":{"line":219,"column":3}},"line":213},"6":{"name":"(anonymous_6)","decl":{"start":{"line":242,"column":35},"end":{"line":242,"column":36}},"loc":{"start":{"line":242,"column":55},"end":{"line":281,"column":1}},"line":242},"7":{"name":"(anonymous_7)","decl":{"start":{"line":248,"column":69},"end":{"line":248,"column":70}},"loc":{"start":{"line":248,"column":92},"end":{"line":254,"column":3}},"line":248},"8":{"name":"(anonymous_8)","decl":{"start":{"line":266,"column":5},"end":{"line":266,"column":6}},"loc":{"start":{"line":266,"column":31},"end":{"line":272,"column":8}},"line":266},"9":{"name":"(anonymous_9)","decl":{"start":{"line":286,"column":40},"end":{"line":286,"column":41}},"loc":{"start":{"line":286,"column":60},"end":{"line":310,"column":1}},"line":286},"10":{"name":"(anonymous_10)","decl":{"start":{"line":293,"column":5},"end":{"line":293,"column":6}},"loc":{"start":{"line":293,"column":31},"end":{"line":299,"column":8}},"line":293},"11":{"name":"(anonymous_11)","decl":{"start":{"line":314,"column":36},"end":{"line":314,"column":37}},"loc":{"start":{"line":314,"column":56},"end":{"line":338,"column":1}},"line":314},"12":{"name":"(anonymous_12)","decl":{"start":{"line":321,"column":5},"end":{"line":321,"column":6}},"loc":{"start":{"line":321,"column":31},"end":{"line":327,"column":8}},"line":321},"13":{"name":"(anonymous_13)","decl":{"start":{"line":343,"column":38},"end":{"line":343,"column":39}},"loc":{"start":{"line":343,"column":58},"end":{"line":359,"column":1}},"line":343},"14":{"name":"(anonymous_14)","decl":{"start":{"line":363,"column":39},"end":{"line":363,"column":40}},"loc":{"start":{"line":363,"column":59},"end":{"line":411,"column":1}},"line":363},"15":{"name":"(anonymous_15)","decl":{"start":{"line":372,"column":5},"end":{"line":372,"column":6}},"loc":{"start":{"line":372,"column":31},"end":{"line":378,"column":8}},"line":372},"16":{"name":"(anonymous_16)","decl":{"start":{"line":389,"column":6},"end":{"line":389,"column":7}},"loc":{"start":{"line":389,"column":32},"end":{"line":395,"column":9}},"line":389}},"branchMap":{"0":{"loc":{"start":{"line":35,"column":2},"end":{"line":198,"column":3}},"type":"if","locations":[{"start":{"line":35,"column":2},"end":{"line":198,"column":3}},{"start":{"line":35,"column":2},"end":{"line":198,"column":3}}],"line":35},"1":{"loc":{"start":{"line":51,"column":3},"end":{"line":53,"column":4}},"type":"if","locations":[{"start":{"line":51,"column":3},"end":{"line":53,"column":4}},{"start":{"line":51,"column":3},"end":{"line":53,"column":4}}],"line":51},"2":{"loc":{"start":{"line":57,"column":3},"end":{"line":96,"column":4}},"type":"if","locations":[{"start":{"line":57,"column":3},"end":{"line":96,"column":4}},{"start":{"line":57,"column":3},"end":{"line":96,"column":4}}],"line":57},"3":{"loc":{"start":{"line":60,"column":5},"end":{"line":77,"column":6}},"type":"if","locations":[{"start":{"line":60,"column":5},"end":{"line":77,"column":6}},{"start":{"line":60,"column":5},"end":{"line":77,"column":6}}],"line":60},"4":{"loc":{"start":{"line":62,"column":6},"end":{"line":64,"column":7}},"type":"if","locations":[{"start":{"line":62,"column":6},"end":{"line":64,"column":7}},{"start":{"line":62,"column":6},"end":{"line":64,"column":7}}],"line":62},"5":{"loc":{"start":{"line":66,"column":12},"end":{"line":77,"column":6}},"type":"if","locations":[{"start":{"line":66,"column":12},"end":{"line":77,"column":6}},{"start":{"line":66,"column":12},"end":{"line":77,"column":6}}],"line":66},"6":{"loc":{"start":{"line":68,"column":6},"end":{"line":70,"column":7}},"type":"if","locations":[{"start":{"line":68,"column":6},"end":{"line":70,"column":7}},{"start":{"line":68,"column":6},"end":{"line":70,"column":7}}],"line":68},"7":{"loc":{"start":{"line":72,"column":12},"end":{"line":77,"column":6}},"type":"if","locations":[{"start":{"line":72,"column":12},"end":{"line":77,"column":6}},{"start":{"line":72,"column":12},"end":{"line":77,"column":6}}],"line":72},"8":{"loc":{"start":{"line":74,"column":6},"end":{"line":76,"column":7}},"type":"if","locations":[{"start":{"line":74,"column":6},"end":{"line":76,"column":7}},{"start":{"line":74,"column":6},"end":{"line":76,"column":7}}],"line":74},"9":{"loc":{"start":{"line":84,"column":4},"end":{"line":86,"column":5}},"type":"if","locations":[{"start":{"line":84,"column":4},"end":{"line":86,"column":5}},{"start":{"line":84,"column":4},"end":{"line":86,"column":5}}],"line":84},"10":{"loc":{"start":{"line":87,"column":4},"end":{"line":89,"column":5}},"type":"if","locations":[{"start":{"line":87,"column":4},"end":{"line":89,"column":5}},{"start":{"line":87,"column":4},"end":{"line":89,"column":5}}],"line":87},"11":{"loc":{"start":{"line":90,"column":4},"end":{"line":92,"column":5}},"type":"if","locations":[{"start":{"line":90,"column":4},"end":{"line":92,"column":5}},{"start":{"line":90,"column":4},"end":{"line":92,"column":5}}],"line":90},"12":{"loc":{"start":{"line":98,"column":3},"end":{"line":113,"column":4}},"type":"if","locations":[{"start":{"line":98,"column":3},"end":{"line":113,"column":4}},{"start":{"line":98,"column":3},"end":{"line":113,"column":4}}],"line":98},"13":{"loc":{"start":{"line":119,"column":9},"end":{"line":198,"column":3}},"type":"if","locations":[{"start":{"line":119,"column":9},"end":{"line":198,"column":3}},{"start":{"line":119,"column":9},"end":{"line":198,"column":3}}],"line":119},"14":{"loc":{"start":{"line":119,"column":13},"end":{"line":119,"column":59}},"type":"binary-expr","locations":[{"start":{"line":119,"column":13},"end":{"line":119,"column":34}},{"start":{"line":119,"column":38},"end":{"line":119,"column":59}}],"line":119},"15":{"loc":{"start":{"line":122,"column":3},"end":{"line":176,"column":4}},"type":"if","locations":[{"start":{"line":122,"column":3},"end":{"line":176,"column":4}},{"start":{"line":122,"column":3},"end":{"line":176,"column":4}}],"line":122},"16":{"loc":{"start":{"line":129,"column":4},"end":{"line":135,"column":5}},"type":"if","locations":[{"start":{"line":129,"column":4},"end":{"line":135,"column":5}},{"start":{"line":129,"column":4},"end":{"line":135,"column":5}}],"line":129},"17":{"loc":{"start":{"line":155,"column":10},"end":{"line":176,"column":4}},"type":"if","locations":[{"start":{"line":155,"column":10},"end":{"line":176,"column":4}},{"start":{"line":155,"column":10},"end":{"line":176,"column":4}}],"line":155},"18":{"loc":{"start":{"line":183,"column":9},"end":{"line":198,"column":3}},"type":"if","locations":[{"start":{"line":183,"column":9},"end":{"line":198,"column":3}},{"start":{"line":183,"column":9},"end":{"line":198,"column":3}}],"line":183},"19":{"loc":{"start":{"line":214,"column":3},"end":{"line":218,"column":4}},"type":"if","locations":[{"start":{"line":214,"column":3},"end":{"line":218,"column":4}},{"start":{"line":214,"column":3},"end":{"line":218,"column":4}}],"line":214},"20":{"loc":{"start":{"line":222,"column":2},"end":{"line":224,"column":3}},"type":"if","locations":[{"start":{"line":222,"column":2},"end":{"line":224,"column":3}},{"start":{"line":222,"column":2},"end":{"line":224,"column":3}}],"line":222},"21":{"loc":{"start":{"line":249,"column":3},"end":{"line":253,"column":4}},"type":"if","locations":[{"start":{"line":249,"column":3},"end":{"line":253,"column":4}},{"start":{"line":249,"column":3},"end":{"line":253,"column":4}}],"line":249},"22":{"loc":{"start":{"line":267,"column":12},"end":{"line":271,"column":13}},"type":"if","locations":[{"start":{"line":267,"column":12},"end":{"line":271,"column":13}},{"start":{"line":267,"column":12},"end":{"line":271,"column":13}}],"line":267},"23":{"loc":{"start":{"line":294,"column":12},"end":{"line":298,"column":13}},"type":"if","locations":[{"start":{"line":294,"column":12},"end":{"line":298,"column":13}},{"start":{"line":294,"column":12},"end":{"line":298,"column":13}}],"line":294},"24":{"loc":{"start":{"line":322,"column":12},"end":{"line":326,"column":13}},"type":"if","locations":[{"start":{"line":322,"column":12},"end":{"line":326,"column":13}},{"start":{"line":322,"column":12},"end":{"line":326,"column":13}}],"line":322},"25":{"loc":{"start":{"line":373,"column":12},"end":{"line":377,"column":13}},"type":"if","locations":[{"start":{"line":373,"column":12},"end":{"line":377,"column":13}},{"start":{"line":373,"column":12},"end":{"line":377,"column":13}}],"line":373},"26":{"loc":{"start":{"line":383,"column":2},"end":{"line":397,"column":3}},"type":"if","locations":[{"start":{"line":383,"column":2},"end":{"line":397,"column":3}},{"start":{"line":383,"column":2},"end":{"line":397,"column":3}}],"line":383},"27":{"loc":{"start":{"line":383,"column":7},"end":{"line":383,"column":65}},"type":"binary-expr","locations":[{"start":{"line":383,"column":7},"end":{"line":383,"column":25}},{"start":{"line":383,"column":29},"end":{"line":383,"column":65}}],"line":383},"28":{"loc":{"start":{"line":390,"column":13},"end":{"line":394,"column":14}},"type":"if","locations":[{"start":{"line":390,"column":13},"end":{"line":394,"column":14}},{"start":{"line":390,"column":13},"end":{"line":394,"column":14}}],"line":390}},"s":{"0":1,"1":1,"2":1,"3":1,"4":1,"5":1,"6":1,"7":1,"8":1,"9":1,"10":1,"11":4,"12":4,"13":4,"14":1,"15":4,"16":4,"17":4,"18":4,"19":4,"20":1,"21":1,"22":1,"23":1,"24":1,"25":1,"26":1,"27":1,"28":1,"29":1,"30":1,"31":0,"32":1,"33":0,"34":0,"35":1,"36":1,"37":1,"38":1,"39":0,"40":0,"41":0,"42":0,"43":0,"44":0,"45":0,"46":0,"47":0,"48":0,"49":0,"50":0,"51":0,"52":0,"53":0,"54":0,"55":0,"56":0,"57":0,"58":0,"59":0,"60":0,"61":0,"62":0,"63":0,"64":0,"65":0,"66":3,"67":2,"68":2,"69":1,"70":1,"71":1,"72":1,"73":1,"74":0,"75":0,"76":0,"77":0,"78":0,"79":0,"80":0,"81":0,"82":0,"83":0,"84":0,"85":0,"86":0,"87":0,"88":0,"89":0,"90":0,"91":0,"92":0,"93":1,"94":1,"95":1,"96":1,"97":1,"98":1,"99":0,"100":0,"101":0,"102":0,"103":0,"104":0,"105":0,"106":0,"107":0,"108":1,"109":1,"110":1,"111":1,"112":1,"113":1,"114":0,"115":0,"116":0,"117":0,"118":0,"119":0,"120":0,"121":0,"122":0,"123":4,"124":4,"125":1,"126":1,"127":1,"128":1,"129":1,"130":1,"131":1,"132":1,"133":0,"134":1,"135":1,"136":1,"137":0,"138":0,"139":0,"140":0,"141":1,"142":1,"143":1,"144":1,"145":1,"146":1,"147":1,"148":1,"149":1,"150":0,"151":1,"152":1,"153":1,"154":0,"155":1,"156":1,"157":0,"158":1,"159":1,"160":1,"161":1,"162":1,"163":0,"164":1,"165":1,"166":0,"167":1,"168":1,"169":1,"170":1,"171":1,"172":0,"173":1,"174":1,"175":0,"176":1,"177":1,"178":1,"179":1,"180":1,"181":0,"182":1,"183":1,"184":1,"185":1,"186":1,"187":1,"188":1,"189":1,"190":1,"191":0,"192":1,"193":1,"194":1,"195":0,"196":1,"197":1,"198":0,"199":1,"200":1,"201":0,"202":0},"f":{"0":4,"1":4,"2":0,"3":0,"4":1,"5":1,"6":1,"7":1,"8":1,"9":1,"10":1,"11":1,"12":1,"13":1,"14":1,"15":1,"16":1},"b":{"0":[1,3],"1":[0,1],"2":[1,0],"3":[0,0],"4":[0,0],"5":[0,0],"6":[0,0],"7":[0,0],"8":[0,0],"9":[0,0],"10":[0,0],"11":[0,0],"12":[0,0],"13":[2,1],"14":[3,2],"15":[1,1],"16":[0,0],"17":[1,0],"18":[1,0],"19":[1,0],"20":[1,0],"21":[1,0],"22":[0,1],"23":[0,1],"24":[0,1],"25":[0,1],"26":[0,1],"27":[1,0],"28":[0,1]},"_coverageSchema":"1a1c01bbd47fc00a2c39e90264f33305004495a9","hash":"a933a43f3cf41fe786ebcf7e9a82e84bad2f1d7a","contentHash":"c6a4287f8f4959596f37b2afcf14ded68e8a894c62f36d30c00c7f09be6a9e3e"},"/Users/joethompson/Documents/FinalProject.nosync/datachain/DataChainNodeJS/dataChain/application-datachain/models/module.js":{"path":"/Users/joethompson/Documents/FinalProject.nosync/datachain/DataChainNodeJS/dataChain/application-datachain/models/module.js","statementMap":{"0":{"start":{"line":1,"column":17},"end":{"line":1,"column":36}},"1":{"start":{"line":2,"column":0},"end":{"line":2,"column":25}},"2":{"start":{"line":3,"column":20},"end":{"line":3,"column":40}},"3":{"start":{"line":4,"column":15},"end":{"line":4,"column":32}},"4":{"start":{"line":9,"column":21},"end":{"line":40,"column":2}},"5":{"start":{"line":46,"column":20},"end":{"line":46,"column":58}},"6":{"start":{"line":49,"column":0},"end":{"line":49,"column":29}}},"fnMap":{},"branchMap":{},"s":{"0":1,"1":1,"2":1,"3":1,"4":1,"5":1,"6":1},"f":{},"b":{},"_coverageSchema":"1a1c01bbd47fc00a2c39e90264f33305004495a9","hash":"1ea079c15365ca4860809478469236ec63b915d8","contentHash":"4e40abf3988622dca6c011d44a5326bd7ce6c24c00b221b47c786067bd5fb564"}}